<?xml version="1.0" encoding="UTF-8"?>
<testsuites>
  <testsuite name="a_freq_resp_var_j" timestamp="2025-10-01T12:52:31Z" hostname="45d8d0c76e8a" tests="8" skipped="0" failures="0" errors="0" time="0.57">
    <testcase time="0.183" classname="a_freq_resp_var_j" name="a_freq_resp_var_j_works_as_expected_with_basic_usage"/>
    <testcase time="0.103" classname="a_freq_resp_var_j" name="a_freq_resp_var_j_works_as_expected_with_basic_usage"/>
    <testcase time="0.00800000000000001" classname="a_freq_resp_var_j" name="a_freq_resp_var_j_works_as_expected_with_basic_usage"/>
    <testcase time="0.0680000000000001" classname="a_freq_resp_var_j" name="a_freq_resp_var_j_works_with_factor_responses"/>
    <testcase time="0.0630000000000002" classname="a_freq_resp_var_j" name="a_freq_resp_var_j_handles_missing_values_correctly"/>
    <testcase time="0.0419999999999998" classname="a_freq_resp_var_j" name="a_freq_resp_var_j_errors_on_invalid_responses"/>
    <testcase time="0.0449999999999999" classname="a_freq_resp_var_j" name="a_freq_resp_var_j_errors_when_resp_var_is_null"/>
    <testcase time="0.0580000000000003" classname="a_freq_resp_var_j" name="a_freq_resp_var_j_works_with_drop_levels_parameter"/>
  </testsuite>
  <testsuite name="a_summarize_aval_chg_diff" timestamp="2025-10-01T12:52:32Z" hostname="45d8d0c76e8a" tests="20" skipped="0" failures="0" errors="0" time="3.635">
    <testcase time="0.604" classname="a_summarize_aval_chg_diff" name="a_summarize_aval_chg_diff_j_comp_btw_group_FALSE_works_as_expected"/>
    <testcase time="0.00099999999999989" classname="a_summarize_aval_chg_diff" name="a_summarize_aval_chg_diff_j_comp_btw_group_FALSE_works_as_expected"/>
    <testcase time="0.182" classname="a_summarize_aval_chg_diff" name="a_summarize_aval_chg_diff_j_comp_btw_group_FALSE_works_as_expected"/>
    <testcase time="0.0259999999999998" classname="a_summarize_aval_chg_diff" name="a_summarize_aval_chg_diff_j_comp_btw_group_FALSE_works_as_expected"/>
    <testcase time="0.451" classname="a_summarize_aval_chg_diff" name="a_summarize_aval_chg_diff_j_comp_btw_group_FALSE_works_as_expected"/>
    <testcase time="0.22" classname="a_summarize_aval_chg_diff" name="a_summarize_aval_chg_diff_j_comp_btw_group_FALSE_works_as_expected"/>
    <testcase time="0.016" classname="a_summarize_aval_chg_diff" name="a_summarize_aval_chg_diff_j_comp_btw_group_FALSE_works_as_expected"/>
    <testcase time="0.695" classname="a_summarize_aval_chg_diff" name="a_summarize_aval_chg_diff_j_t_test_sparse_data_works_as_expected"/>
    <testcase time="0.183" classname="a_summarize_aval_chg_diff" name="a_summarize_aval_chg_diff_j_t_test_sparse_data_works_as_expected"/>
    <testcase time="0.016" classname="a_summarize_aval_chg_diff" name="a_summarize_aval_chg_diff_j_t_test_sparse_data_works_as_expected"/>
    <testcase time="0.658" classname="a_summarize_aval_chg_diff" name="a_summarize_aval_chg_diff_j_t_test_sparse_data_works_as_expected"/>
    <testcase time="0.177" classname="a_summarize_aval_chg_diff" name="a_summarize_aval_chg_diff_j_t_test_sparse_data_works_as_expected"/>
    <testcase time="0.0150000000000006" classname="a_summarize_aval_chg_diff" name="a_summarize_aval_chg_diff_j_t_test_sparse_data_works_as_expected"/>
    <testcase time="0.0110000000000001" classname="a_summarize_aval_chg_diff" name="a_summarize_aval_chg_diff_j_works_as_expected"/>
    <testcase time="0.127999999999999" classname="a_summarize_aval_chg_diff" name="a_summarize_aval_chg_diff_j_works_as_expected"/>
    <testcase time="0.00100000000000033" classname="a_summarize_aval_chg_diff" name="a_summarize_aval_chg_diff_j_works_as_expected"/>
    <testcase time="0.00400000000000045" classname="a_summarize_aval_chg_diff" name="a_summarize_aval_chg_diff_j_works_as_expected"/>
    <testcase time="0.242" classname="a_summarize_aval_chg_diff" name="a_summarize_aval_chg_diff_j_works_with_ancova_TRUE"/>
    <testcase time="0.000999999999999446" classname="a_summarize_aval_chg_diff" name="a_summarize_aval_chg_diff_j_works_with_ancova_TRUE"/>
    <testcase time="0.00400000000000045" classname="a_summarize_aval_chg_diff" name="a_summarize_aval_chg_diff_j_works_with_ancova_TRUE"/>
  </testsuite>
  <testsuite name="analyze_values" timestamp="2025-10-01T12:52:36Z" hostname="45d8d0c76e8a" tests="7" skipped="0" failures="0" errors="0" time="0.129">
    <testcase time="0.0270000000000001" classname="analyze_values" name="analyze_values_correctly_modifies_layout_with_proper_formats"/>
    <testcase time="0.0879999999999992" classname="analyze_values" name="analyze_values_correctly_modifies_layout_with_proper_formats"/>
    <testcase time="0.00300000000000011" classname="analyze_values" name="analyze_values_correctly_modifies_layout_with_proper_formats"/>
    <testcase time="0.00300000000000011" classname="analyze_values" name="analyze_values_correctly_modifies_layout_with_proper_formats"/>
    <testcase time="0.00199999999999978" classname="analyze_values" name="analyze_values_correctly_modifies_layout_with_proper_formats"/>
    <testcase time="0.00300000000000011" classname="analyze_values" name="analyze_values_correctly_modifies_layout_with_proper_formats"/>
    <testcase time="0.00300000000000011" classname="analyze_values" name="analyze_values_correctly_modifies_layout_with_proper_formats"/>
  </testsuite>
  <testsuite name="ancova" timestamp="2025-10-01T12:52:36Z" hostname="45d8d0c76e8a" tests="3" skipped="0" failures="0" errors="0" time="0.908">
    <testcase time="0.184" classname="ancova" name="fit_ancova_works_as_expected"/>
    <testcase time="0.00199999999999978" classname="ancova" name="fit_ancova_works_as_expected"/>
    <testcase time="0.722" classname="ancova" name="fit_ancova_works_as_expected"/>
  </testsuite>
  <testsuite name="ancova_rbmi" timestamp="2025-10-01T12:52:37Z" hostname="45d8d0c76e8a" tests="7" skipped="0" failures="0" errors="0" time="0.094">
    <testcase time="0.0350000000000001" classname="ancova_rbmi" name="rbmi_ancova_single_works_also_with_multiple_treatment_arms"/>
    <testcase time="0.00300000000000011" classname="ancova_rbmi" name="rbmi_ancova_single_works_also_with_multiple_treatment_arms"/>
    <testcase time="0.0199999999999996" classname="ancova_rbmi" name="ancova_now_works_also_with_multiple_treatment_arms"/>
    <testcase time="0.00900000000000034" classname="ancova_rbmi" name="ancova_now_works_also_with_multiple_treatment_arms"/>
    <testcase time="0.00899999999999945" classname="ancova_rbmi" name="ancova_now_works_also_with_multiple_treatment_arms"/>
    <testcase time="0.0150000000000006" classname="ancova_rbmi" name="ancova_now_works_also_with_multiple_treatment_arms"/>
    <testcase time="0.00299999999999923" classname="ancova_rbmi" name="ancova_now_works_also_with_multiple_treatment_arms"/>
  </testsuite>
  <testsuite name="blank_line" timestamp="2025-10-01T12:52:37Z" hostname="45d8d0c76e8a" tests="15" skipped="0" failures="0" errors="0" time="0.72">
    <testcase time="0.248" classname="blank_line" name="insert_blank_line_works_as_expected"/>
    <testcase time="0.117" classname="blank_line" name="insert_blank_line_works_as_expected"/>
    <testcase time="0.218" classname="blank_line" name="insert_blank_line_optionally_uses_custom_table_names"/>
    <testcase time="0.116000000000001" classname="blank_line" name="insert_blank_line_optionally_uses_custom_table_names"/>
    <testcase time="0.00300000000000011" classname="blank_line" name="insert_blank_line_optionally_uses_custom_table_names"/>
    <testcase time="0.00300000000000011" classname="blank_line" name="insert_blank_line_optionally_uses_custom_table_names"/>
    <testcase time="0.00300000000000011" classname="blank_line" name="insert_blank_line_optionally_uses_custom_table_names"/>
    <testcase time="0.00199999999999889" classname="blank_line" name="insert_blank_line_optionally_uses_custom_table_names"/>
    <testcase time="0.00300000000000011" classname="blank_line" name="insert_blank_line_optionally_uses_custom_table_names"/>
    <testcase time="0.00100000000000122" classname="blank_line" name="insert_blank_line_optionally_uses_custom_table_names"/>
    <testcase time="0.000999999999999446" classname="blank_line" name="insert_blank_line_optionally_uses_custom_table_names"/>
    <testcase time="0.000999999999999446" classname="blank_line" name="insert_blank_line_optionally_uses_custom_table_names"/>
    <testcase time="0.000999999999999446" classname="blank_line" name="insert_blank_line_optionally_uses_custom_table_names"/>
    <testcase time="0.00200000000000067" classname="blank_line" name="insert_blank_line_optionally_uses_custom_table_names"/>
    <testcase time="0.000999999999999446" classname="blank_line" name="insert_blank_line_optionally_uses_custom_table_names"/>
  </testsuite>
  <testsuite name="cmp_functions" timestamp="2025-10-01T12:52:37Z" hostname="45d8d0c76e8a" tests="4" skipped="0" failures="0" errors="0" time="0.288">
    <testcase time="0.213000000000001" classname="cmp_functions" name="cmp_split_fun_works_as_expected"/>
    <testcase time="0.0250000000000004" classname="cmp_functions" name="cmp_cfun_works_correctly_for_expected_column"/>
    <testcase time="0.0249999999999986" classname="cmp_functions" name="cmp_cfun_works_correctly_for_received_column"/>
    <testcase time="0.0250000000000004" classname="cmp_functions" name="cmp_cfun_works_correctly_for_missing_column"/>
  </testsuite>
  <testsuite name="column_stats" timestamp="2025-10-01T12:52:38Z" hostname="45d8d0c76e8a" tests="35" skipped="0" failures="0" errors="0" time="0.153">
    <testcase time="0.00900000000000034" classname="column_stats" name="column_stats_returns_correct_row_values_for_AVAL_mean"/>
    <testcase time="0.00399999999999956" classname="column_stats" name="column_stats_returns_correct_row_values_for_AVAL_mean"/>
    <testcase time="0.00300000000000011" classname="column_stats" name="column_stats_returns_correct_row_values_for_AVAL_mean"/>
    <testcase time="0.00100000000000122" classname="column_stats" name="column_stats_returns_correct_row_values_for_AVAL_mean"/>
    <testcase time="0.000999999999999446" classname="column_stats" name="column_stats_returns_correct_row_values_for_AVAL_mean"/>
    <testcase time="0.000999999999999446" classname="column_stats" name="column_stats_returns_correct_row_values_for_AVAL_mean"/>
    <testcase time="0.00600000000000023" classname="column_stats" name="column_stats_excludes_Baseline_for_CHG_stat_N"/>
    <testcase time="0.00300000000000011" classname="column_stats" name="column_stats_excludes_Baseline_for_CHG_stat_N"/>
    <testcase time="0.00200000000000067" classname="column_stats" name="column_stats_excludes_Baseline_for_CHG_stat_N"/>
    <testcase time="0.00199999999999889" classname="column_stats" name="column_stats_excludes_Baseline_for_CHG_stat_N"/>
    <testcase time="0.00200000000000067" classname="column_stats" name="column_stats_excludes_Baseline_for_CHG_stat_N"/>
    <testcase time="0.00699999999999967" classname="column_stats" name="column_stats_calculates_SD_statistic_correctly"/>
    <testcase time="0.00699999999999967" classname="column_stats" name="column_stats_calculates_SE_statistic_correctly"/>
    <testcase time="0.00699999999999967" classname="column_stats" name="column_stats_calculates_Med_Min_Max_correctly"/>
    <testcase time="0.00300000000000011" classname="column_stats" name="column_stats_calculates_Med_Min_Max_correctly"/>
    <testcase time="0.00400000000000134" classname="column_stats" name="column_stats_calculates_Med_Min_Max_correctly"/>
    <testcase time="0.00599999999999845" classname="column_stats" name="column_stats_handles_BASE_variable_correctly"/>
    <testcase time="0.00300000000000011" classname="column_stats" name="column_stats_handles_BASE_variable_correctly"/>
    <testcase time="0.00600000000000023" classname="column_stats" name="column_stats_handles_iec_roundmethod_correctly"/>
    <testcase time="0.00300000000000011" classname="column_stats" name="column_stats_handles_iec_roundmethod_correctly"/>
    <testcase time="0.00600000000000023" classname="column_stats" name="column_N_function_works_correctly"/>
    <testcase time="0.00300000000000011" classname="column_stats" name="column_N_function_works_correctly"/>
    <testcase time="0.00699999999999967" classname="column_stats" name="postfun_cog_works_correctly"/>
    <testcase time="0.00300000000000011" classname="column_stats" name="postfun_cog_works_correctly"/>
    <testcase time="0.00300000000000011" classname="column_stats" name="postfun_cog_works_correctly"/>
    <testcase time="0.00699999999999967" classname="column_stats" name="postfun_eq5d_works_correctly"/>
    <testcase time="0.00200000000000067" classname="column_stats" name="postfun_eq5d_works_correctly"/>
    <testcase time="0.00399999999999956" classname="column_stats" name="postfun_eq5d_works_correctly"/>
    <testcase time="0.00500000000000078" classname="column_stats" name="postfun_eq5d_works_correctly"/>
    <testcase time="0.00300000000000011" classname="column_stats" name="postfun_eq5d_works_correctly"/>
    <testcase time="0.00300000000000011" classname="column_stats" name="postfun_eq5d_works_correctly"/>
    <testcase time="0.00899999999999856" classname="column_stats" name="postfun_eq5d_works_correctly"/>
    <testcase time="0.00700000000000145" classname="column_stats" name="postfun_cog_and_postfun_eq5d_handle_error_cases"/>
    <testcase time="0.00499999999999901" classname="column_stats" name="postfun_cog_and_postfun_eq5d_handle_error_cases"/>
    <testcase time="0.00600000000000023" classname="column_stats" name="calc_N_returns_NULL_for_non_AVAL_variables"/>
  </testsuite>
  <testsuite name="count_pct" timestamp="2025-10-01T12:52:38Z" hostname="45d8d0c76e8a" tests="24" skipped="0" failures="0" errors="0" time="7.174">
    <testcase time="0.193" classname="count_pct" name="a_freq_j_with_val_NA_and_denom_option"/>
    <testcase time="0.171000000000001" classname="count_pct" name="a_freq_j_with_val_NA_and_denom_option"/>
    <testcase time="0.178999999999998" classname="count_pct" name="a_freq_j_with_val_NA_and_denom_option"/>
    <testcase time="0.112" classname="count_pct" name="a_freq_j_with_specific_val_CHN_and_denom_option"/>
    <testcase time="0.106" classname="count_pct" name="a_freq_j_with_specific_val_CHN_and_denom_option"/>
    <testcase time="0.118" classname="count_pct" name="a_freq_j_with_specific_val_CHN_and_denom_option"/>
    <testcase time="0.155000000000001" classname="count_pct" name="a_freq_j_with_N_only"/>
    <testcase time="0.154999999999999" classname="count_pct" name="a_freq_j_with_N_only"/>
    <testcase time="0.186" classname="count_pct" name="a_freq_j_with_TotCol_only"/>
    <testcase time="0.180999999999999" classname="count_pct" name="a_freq_j_with_TotCol_only"/>
    <testcase time="0.981000000000002" classname="count_pct" name="a_freq_j_as_cfun"/>
    <testcase time="0.987" classname="count_pct" name="a_freq_j_as_cfun"/>
    <testcase time="0.129" classname="count_pct" name="a_freq_j_with_label_map"/>
    <testcase time="0.113999999999999" classname="count_pct" name="a_freq_j_with_label_map"/>
    <testcase time="0.179" classname="count_pct" name="a_freq_j_old_count_pats_case_"/>
    <testcase time="0.177" classname="count_pct" name="a_freq_j_old_count_pats_case_"/>
    <testcase time="0.183" classname="count_pct" name="a_freq_j_old_count_pats_case_"/>
    <testcase time="0.497000000000002" classname="count_pct" name="a_freq_j_with_N_subgroup_as_denom"/>
    <testcase time="0.510999999999999" classname="count_pct" name="a_freq_j_with_N_subgroup_as_denom"/>
    <testcase time="0.513" classname="count_pct" name="a_freq_j_with_N_subgroup_as_denom"/>
    <testcase time="1.111" classname="count_pct" name="a_freq_j_with_N_trt_as_denom_special_situation"/>
    <testcase time="0.093" classname="count_pct" name="a_freq_j_with_N_trt_as_denom_special_situation"/>
    <testcase time="0.139999999999999" classname="count_pct" name="a_freq_j_with_keep_levels_CHN_NGA_"/>
    <testcase time="0.00300000000000011" classname="count_pct" name="a_freq_j_with_keep_levels_CHN_NGA_"/>
  </testsuite>
  <testsuite name="count_pct_relrisk" timestamp="2025-10-01T12:52:45Z" hostname="45d8d0c76e8a" tests="14" skipped="0" failures="0" errors="0" time="2.972">
    <testcase time="0.228" classname="count_pct_relrisk" name="a_freq_j_with_val_NA_and_denom_option"/>
    <testcase time="0.00200000000000067" classname="count_pct_relrisk" name="a_freq_j_with_val_NA_and_denom_option"/>
    <testcase time="0.210999999999999" classname="count_pct_relrisk" name="a_freq_j_with_val_NA_and_denom_option"/>
    <testcase time="0.0130000000000017" classname="count_pct_relrisk" name="a_freq_j_with_val_NA_and_denom_option"/>
    <testcase time="0.199000000000002" classname="count_pct_relrisk" name="a_freq_j_with_val_NA_and_denom_option"/>
    <testcase time="0.00399999999999778" classname="count_pct_relrisk" name="a_freq_j_with_val_NA_and_denom_option"/>
    <testcase time="0.208000000000002" classname="count_pct_relrisk" name="a_freq_j_with_risk_difference_method_cmh"/>
    <testcase time="0.0069999999999979" classname="count_pct_relrisk" name="a_freq_j_with_risk_difference_method_cmh"/>
    <testcase time="0.693000000000001" classname="count_pct_relrisk" name="a_freq_j_with_N_subgroup_as_denom"/>
    <testcase time="0.00300000000000011" classname="count_pct_relrisk" name="a_freq_j_with_N_subgroup_as_denom"/>
    <testcase time="0.707000000000001" classname="count_pct_relrisk" name="a_freq_j_with_N_subgroup_as_denom"/>
    <testcase time="0.00199999999999889" classname="count_pct_relrisk" name="a_freq_j_with_N_subgroup_as_denom"/>
    <testcase time="0.692" classname="count_pct_relrisk" name="a_freq_j_with_N_subgroup_as_denom"/>
    <testcase time="0.00300000000000011" classname="count_pct_relrisk" name="a_freq_j_with_N_subgroup_as_denom"/>
  </testsuite>
  <testsuite name="coxph_hr" timestamp="2025-10-01T12:52:48Z" hostname="45d8d0c76e8a" tests="8" skipped="0" failures="0" errors="0" time="0.326">
    <testcase time="0.0350000000000001" classname="coxph_hr" name="s_coxph_hr_works_with_default_arguments_and_no_stratification_factors"/>
    <testcase time="0.0240000000000009" classname="coxph_hr" name="s_coxph_hr_works_with_default_arguments_and_no_stratification_factors"/>
    <testcase time="0.00799999999999912" classname="coxph_hr" name="s_coxph_hr_works_with_default_arguments_and_no_stratification_factors"/>
    <testcase time="0.00799999999999912" classname="coxph_hr" name="s_coxph_hr_works_with_default_arguments_and_no_stratification_factors"/>
    <testcase time="0.0629999999999988" classname="coxph_hr" name="a_coxph_hr_works_with_custom_arguments_and_stratification_factors"/>
    <testcase time="0.0570000000000022" classname="coxph_hr" name="a_coxph_hr_works_with_custom_arguments_and_stratification_factors"/>
    <testcase time="0.0739999999999981" classname="coxph_hr" name="a_coxph_hr_works_with_stratification_factors_for_Log_Rank_test"/>
    <testcase time="0.0570000000000022" classname="coxph_hr" name="a_coxph_hr_works_with_stratification_factors_for_Log_Rank_test"/>
  </testsuite>
  <testsuite name="coxreg_multivar" timestamp="2025-10-01T12:52:48Z" hostname="45d8d0c76e8a" tests="15" skipped="0" failures="0" errors="0" time="1.716">
    <testcase time="0.0679999999999978" classname="coxreg_multivar" name="h_extract_coxreg_multivar_works_as_expected"/>
    <testcase time="0.199999999999999" classname="coxreg_multivar" name="tefos03_first_split_fun_works_as_expected"/>
    <testcase time="0.0230000000000032" classname="coxreg_multivar" name="tefos03_first_split_fun_works_as_expected"/>
    <testcase time="0.0399999999999991" classname="coxreg_multivar" name="tefos03_first_split_fun_works_as_expected"/>
    <testcase time="0.477" classname="coxreg_multivar" name="tefos03_second_split_fun_fct_works_as_expected"/>
    <testcase time="0.0239999999999974" classname="coxreg_multivar" name="tefos03_second_split_fun_fct_works_as_expected"/>
    <testcase time="0.0680000000000014" classname="coxreg_multivar" name="tefos03_second_split_fun_fct_works_as_expected"/>
    <testcase time="0.0240000000000009" classname="coxreg_multivar" name="tefos03_afun_works_as_expected"/>
    <testcase time="0.0219999999999985" classname="coxreg_multivar" name="tefos03_afun_works_as_expected"/>
    <testcase time="0.134" classname="coxreg_multivar" name="summarize_coxreg_multivar_works_as_expected_with_defaults"/>
    <testcase time="0.0960000000000001" classname="coxreg_multivar" name="summarize_coxreg_multivar_works_as_expected_with_defaults"/>
    <testcase time="0.0889999999999986" classname="coxreg_multivar" name="summarize_coxreg_multivar_works_as_expected_with_custom_options"/>
    <testcase time="0.093" classname="coxreg_multivar" name="summarize_coxreg_multivar_works_as_expected_with_custom_options"/>
    <testcase time="0.222000000000001" classname="coxreg_multivar" name="summarize_coxreg_multivar_works_with_row_splits"/>
    <testcase time="0.135999999999999" classname="coxreg_multivar" name="summarize_coxreg_multivar_works_with_row_splits"/>
  </testsuite>
  <testsuite name="estimate_proportion_diff" timestamp="2025-10-01T12:52:50Z" hostname="45d8d0c76e8a" tests="6" skipped="0" failures="0" errors="0" time="0.172">
    <testcase time="0.0100000000000016" classname="estimate_proportion_diff" name="s_proportion_diff_j_works_as_expected"/>
    <testcase time="0.0459999999999994" classname="estimate_proportion_diff" name="s_proportion_diff_j_works_as_expected"/>
    <testcase time="0.00300000000000011" classname="estimate_proportion_diff" name="s_proportion_diff_j_works_as_expected"/>
    <testcase time="0.0329999999999977" classname="estimate_proportion_diff" name="s_proportion_diff_j_works_as_expected"/>
    <testcase time="0.0350000000000001" classname="estimate_proportion_diff" name="a_proportion_diff_j_works_as_expected_in_a_table_layout"/>
    <testcase time="0.0450000000000017" classname="estimate_proportion_diff" name="a_proportion_diff_j_works_as_expected_in_a_table_layout"/>
  </testsuite>
  <testsuite name="event_free" timestamp="2025-10-01T12:52:50Z" hostname="45d8d0c76e8a" tests="8" skipped="0" failures="0" errors="0" time="0.405">
    <testcase time="0.0159999999999982" classname="event_free" name="s_event_free_works_with_default_arguments"/>
    <testcase time="0.0199999999999996" classname="event_free" name="s_event_free_works_with_default_arguments"/>
    <testcase time="0.0100000000000016" classname="event_free" name="s_event_free_works_with_percent_format"/>
    <testcase time="0.032" classname="event_free" name="s_event_free_works_with_percent_format"/>
    <testcase time="0.0960000000000001" classname="event_free" name="a_event_free_works_with_default_arguments_in_a_table_layout"/>
    <testcase time="0.0620000000000012" classname="event_free" name="a_event_free_works_with_default_arguments_in_a_table_layout"/>
    <testcase time="0.106999999999999" classname="event_free" name="a_event_free_works_with_customized_arguments_in_a_table_layout"/>
    <testcase time="0.0620000000000012" classname="event_free" name="a_event_free_works_with_customized_arguments_in_a_table_layout"/>
  </testsuite>
  <testsuite name="get_ref_info" timestamp="2025-10-01T12:52:51Z" hostname="45d8d0c76e8a" tests="5" skipped="0" failures="0" errors="0" time="0.523">
    <testcase time="0.119" classname="get_ref_info" name="get_ref_info_works_with_a_df_analysis_function"/>
    <testcase time="0.0839999999999996" classname="get_ref_info" name="get_ref_info_works_with_a_df_analysis_function"/>
    <testcase time="0.137999999999998" classname="get_ref_info" name="get_ref_info_works_with_a_vector_analysis_function"/>
    <testcase time="0.117999999999999" classname="get_ref_info" name="get_ref_info_works_with_a_vector_analysis_function"/>
    <testcase time="0.0640000000000001" classname="get_ref_info" name="get_ref_info_works_with_a_vector_analysis_function"/>
  </testsuite>
  <testsuite name="h_freq_funs" timestamp="2025-10-01T12:52:51Z" hostname="45d8d0c76e8a" tests="21" skipped="0" failures="0" errors="0" time="0.09">
    <testcase time="0.0100000000000016" classname="h_freq_funs" name="h_update_factor_works_correctly"/>
    <testcase time="0.00199999999999889" classname="h_freq_funs" name="h_update_factor_works_correctly"/>
    <testcase time="0.00300000000000011" classname="h_freq_funs" name="h_update_factor_works_correctly"/>
    <testcase time="0.00700000000000145" classname="h_freq_funs" name="h_df_add_newlevels_works_correctly"/>
    <testcase time="0.00399999999999778" classname="h_freq_funs" name="h_df_add_newlevels_works_correctly"/>
    <testcase time="0.00300000000000011" classname="h_freq_funs" name="h_df_add_newlevels_works_correctly"/>
    <testcase time="0.00300000000000011" classname="h_freq_funs" name="h_df_add_newlevels_works_correctly"/>
    <testcase time="0.00300000000000011" classname="h_freq_funs" name="h_df_add_newlevels_works_correctly"/>
    <testcase time="0.00600000000000023" classname="h_freq_funs" name="h_colexpr_substr_works_correctly"/>
    <testcase time="0.00300000000000011" classname="h_freq_funs" name="h_colexpr_substr_works_correctly"/>
    <testcase time="0.00199999999999889" classname="h_freq_funs" name="h_colexpr_substr_works_correctly"/>
    <testcase time="0.00600000000000023" classname="h_freq_funs" name="h_get_label_map_works_correctly"/>
    <testcase time="0.00300000000000011" classname="h_freq_funs" name="h_get_label_map_works_correctly"/>
    <testcase time="0.00800000000000267" classname="h_freq_funs" name="h_subset_combo_works_correctly"/>
    <testcase time="0.00300000000000011" classname="h_freq_funs" name="h_subset_combo_works_correctly"/>
    <testcase time="0.00300000000000011" classname="h_freq_funs" name="h_subset_combo_works_correctly"/>
    <testcase time="0.00399999999999778" classname="h_freq_funs" name="h_subset_combo_works_correctly"/>
    <testcase time="0.00300000000000011" classname="h_freq_funs" name="h_subset_combo_works_correctly"/>
    <testcase time="0.00700000000000145" classname="h_freq_funs" name="h_subset_combo_handles_NA_values_in_flag_var_correctly"/>
    <testcase time="0.00399999999999778" classname="h_freq_funs" name="h_subset_combo_handles_NA_values_in_flag_var_correctly"/>
    <testcase time="0.00300000000000011" classname="h_freq_funs" name="h_subset_combo_handles_NA_values_in_flag_var_correctly"/>
  </testsuite>
  <testsuite name="jjcs_num_formats" timestamp="2025-10-01T12:52:51Z" hostname="45d8d0c76e8a" tests="16" skipped="0" failures="0" errors="0" time="0.875">
    <testcase time="0.0609999999999999" classname="jjcs_num_formats" name="jjcs_num_formats_works"/>
    <testcase time="0.00600000000000023" classname="jjcs_num_formats" name="jjcs_num_formats_works"/>
    <testcase time="0.00500000000000256" classname="jjcs_num_formats" name="jjcs_num_formats_works"/>
    <testcase time="0.126999999999999" classname="jjcs_num_formats" name="jjcs_num_formats_works"/>
    <testcase time="0.219000000000001" classname="jjcs_num_formats" name="jjcs_num_formats_works"/>
    <testcase time="0.00499999999999901" classname="jjcs_num_formats" name="jjcs_num_formats_works"/>
    <testcase time="0.00600000000000023" classname="jjcs_num_formats" name="jjcs_num_formats_works"/>
    <testcase time="0.00799999999999912" classname="jjcs_num_formats" name="jjcs_num_formats_works"/>
    <testcase time="0.0440000000000005" classname="jjcs_num_formats" name="jjcs_num_formats_works"/>
    <testcase time="0.0350000000000001" classname="jjcs_num_formats" name="jjcsformats_NA_works"/>
    <testcase time="0.00600000000000023" classname="jjcs_num_formats" name="jjcsformats_NA_works"/>
    <testcase time="0.0459999999999994" classname="jjcs_num_formats" name="jjcsformats_NA_works"/>
    <testcase time="0.0710000000000015" classname="jjcs_num_formats" name="jjcsformats_NA_works"/>
    <testcase time="0.0329999999999977" classname="jjcs_num_formats" name="jjcsformats_NA_works"/>
    <testcase time="0.0620000000000012" classname="jjcs_num_formats" name="jjcsformats_NA_works"/>
    <testcase time="0.140999999999998" classname="jjcs_num_formats" name="jjcsformats_count_fraction_works"/>
  </testsuite>
  <testsuite name="jjcsformats" timestamp="2025-10-01T12:52:52Z" hostname="45d8d0c76e8a" tests="17" skipped="0" failures="0" errors="0" time="0.526">
    <testcase time="0.208000000000002" classname="jjcsformats" name="jjjcs_formats_work"/>
    <testcase time="0.0410000000000004" classname="jjcsformats" name="jjjcs_formats_work"/>
    <testcase time="0.0389999999999979" classname="jjcsformats" name="jjjcs_formats_work"/>
    <testcase time="0.0720000000000027" classname="jjcsformats" name="jjjcs_formats_work"/>
    <testcase time="0.00599999999999667" classname="jjcsformats" name="roundmethod_support_works"/>
    <testcase time="0.00300000000000011" classname="jjcsformats" name="roundmethod_support_works"/>
    <testcase time="0.00300000000000011" classname="jjcsformats" name="roundmethod_support_works"/>
    <testcase time="0.00300000000000011" classname="jjcsformats" name="roundmethod_support_works"/>
    <testcase time="0.00300000000000011" classname="jjcsformats" name="roundmethod_support_works"/>
    <testcase time="0.00300000000000011" classname="jjcsformats" name="roundmethod_support_works"/>
    <testcase time="0.00300000000000011" classname="jjcsformats" name="roundmethod_support_works"/>
    <testcase time="0.00300000000000011" classname="jjcsformats" name="roundmethod_support_works"/>
    <testcase time="0.00300000000000011" classname="jjcsformats" name="roundmethod_support_works"/>
    <testcase time="0.0579999999999998" classname="jjcsformats" name="jjcsformat_range_fct_is_formatting_ranges_as_expected"/>
    <testcase time="0.0680000000000014" classname="jjcsformats" name="jjcsformat_pval_fct_works"/>
    <testcase time="0.00499999999999901" classname="jjcsformats" name="jjcsformat_xx_works_also_for_empty_cells"/>
    <testcase time="0.00499999999999901" classname="jjcsformats" name="jjcsformat_xx_works_also_for_cells_with_0_length_vectors"/>
  </testsuite>
  <testsuite name="junco_utils_default_stats_formats_labels" timestamp="2025-10-01T12:52:53Z" hostname="45d8d0c76e8a" tests="11" skipped="0" failures="0" errors="0" time="0.134">
    <testcase time="0.0120000000000005" classname="junco_utils_default_stats_formats_labels" name="get_stats_works_as_expected"/>
    <testcase time="0.0150000000000006" classname="junco_utils_default_stats_formats_labels" name="get_stats_works_as_expected"/>
    <testcase time="0.00900000000000034" classname="junco_utils_default_stats_formats_labels" name="get_formats_from_stats_works_as_expected"/>
    <testcase time="0.0150000000000006" classname="junco_utils_default_stats_formats_labels" name="get_formats_from_stats_works_as_expected"/>
    <testcase time="0.00799999999999912" classname="junco_utils_default_stats_formats_labels" name="get_labels_from_stats_works_as_expected"/>
    <testcase time="0.0150000000000006" classname="junco_utils_default_stats_formats_labels" name="get_labels_from_stats_works_as_expected"/>
    <testcase time="0.00499999999999901" classname="junco_utils_default_stats_formats_labels" name="get_label_attr_from_stats_works_as_expected"/>
    <testcase time="0.00500000000000256" classname="junco_utils_default_stats_formats_labels" name="get_label_attr_from_stats_works_as_expected"/>
    <testcase time="0.0219999999999985" classname="junco_utils_default_stats_formats_labels" name="get_label_attr_from_stats_works_as_expected"/>
    <testcase time="0.0109999999999992" classname="junco_utils_default_stats_formats_labels" name="get_indents_from_stats_works_as_expected"/>
    <testcase time="0.0169999999999995" classname="junco_utils_default_stats_formats_labels" name="get_indents_from_stats_works_as_expected"/>
  </testsuite>
  <testsuite name="kaplan_meier" timestamp="2025-10-01T12:52:53Z" hostname="45d8d0c76e8a" tests="14" skipped="0" failures="0" errors="0" time="0.418">
    <testcase time="0.0150000000000006" classname="kaplan_meier" name="s_kaplan_meier_works_with_default_arguments"/>
    <testcase time="0.0199999999999996" classname="kaplan_meier" name="s_kaplan_meier_works_with_default_arguments"/>
    <testcase time="0.0100000000000016" classname="kaplan_meier" name="s_kaplan_meier_works_with_customized_arguments"/>
    <testcase time="0.0199999999999996" classname="kaplan_meier" name="s_kaplan_meier_works_with_customized_arguments"/>
    <testcase time="0.0100000000000016" classname="kaplan_meier" name="a_kaplan_meier_works_with_default_arguments"/>
    <testcase time="0.00199999999999889" classname="kaplan_meier" name="a_kaplan_meier_works_with_default_arguments"/>
    <testcase time="0.032" classname="kaplan_meier" name="a_kaplan_meier_works_with_default_arguments"/>
    <testcase time="0.00999999999999801" classname="kaplan_meier" name="a_kaplan_meier_works_with_customized_arguments"/>
    <testcase time="0.00200000000000244" classname="kaplan_meier" name="a_kaplan_meier_works_with_customized_arguments"/>
    <testcase time="0.0219999999999985" classname="kaplan_meier" name="a_kaplan_meier_works_with_customized_arguments"/>
    <testcase time="0.0719999999999992" classname="kaplan_meier" name="a_kaplan_meier_works_inside_analyze_in_table"/>
    <testcase time="0.0660000000000025" classname="kaplan_meier" name="a_kaplan_meier_works_inside_analyze_in_table"/>
    <testcase time="0.0529999999999973" classname="kaplan_meier" name="a_kaplan_meier_works_inside_analyze_in_table_with_custom_arguments"/>
    <testcase time="0.0839999999999996" classname="kaplan_meier" name="a_kaplan_meier_works_inside_analyze_in_table_with_custom_arguments"/>
  </testsuite>
  <testsuite name="mmrm" timestamp="2025-10-01T12:52:53Z" hostname="45d8d0c76e8a" tests="5" skipped="0" failures="0" errors="0" time="0.268">
    <testcase time="0.124000000000002" classname="mmrm" name="get_mmrm_lsmeans_can_calculate_the_LS_mean_results_including_one_and_two_sided_p_values"/>
    <testcase time="0.00299999999999656" classname="mmrm" name="get_mmrm_lsmeans_can_calculate_the_LS_mean_results_including_one_and_two_sided_p_values"/>
    <testcase time="0.00200000000000244" classname="mmrm" name="get_mmrm_lsmeans_can_calculate_the_LS_mean_results_including_one_and_two_sided_p_values"/>
    <testcase time="0.00300000000000011" classname="mmrm" name="get_mmrm_lsmeans_can_calculate_the_LS_mean_results_including_one_and_two_sided_p_values"/>
    <testcase time="0.135999999999999" classname="mmrm" name="fit_mmrm_j_works_as_expected"/>
  </testsuite>
  <testsuite name="mmrm_rbmi" timestamp="2025-10-01T12:52:53Z" hostname="45d8d0c76e8a" tests="6" skipped="0" failures="0" errors="0" time="0.216">
    <testcase time="0.132000000000001" classname="mmrm_rbmi" name="mmrm_rbmi_works_as_expected"/>
    <testcase time="0.00199999999999889" classname="mmrm_rbmi" name="mmrm_rbmi_works_as_expected"/>
    <testcase time="0.00300000000000011" classname="mmrm_rbmi" name="mmrm_rbmi_works_as_expected"/>
    <testcase time="0.027000000000001" classname="mmrm_rbmi" name="mmrm_rbmi_works_as_expected"/>
    <testcase time="0.0259999999999998" classname="mmrm_rbmi" name="mmrm_rbmi_works_as_expected"/>
    <testcase time="0.0259999999999998" classname="mmrm_rbmi" name="mmrm_rbmi_works_as_expected"/>
  </testsuite>
  <testsuite name="odds_ratio" timestamp="2025-10-01T12:52:54Z" hostname="45d8d0c76e8a" tests="18" skipped="0" failures="0" errors="0" time="0.333">
    <testcase time="0.0249999999999986" classname="odds_ratio" name="s_odds_ratio_j_returns_NA_when_one_group_has_no_responders_and_option_set"/>
    <testcase time="0.00700000000000145" classname="odds_ratio" name="s_odds_ratio_j_returns_NA_when_one_group_has_no_responders_and_option_set"/>
    <testcase time="0.0150000000000006" classname="odds_ratio" name="s_odds_ratio_j_returns_NA_when_one_group_has_no_responders_and_option_set_with_strata"/>
    <testcase time="0.00599999999999667" classname="odds_ratio" name="s_odds_ratio_j_returns_NA_when_one_group_has_no_responders_and_option_set_with_strata"/>
    <testcase time="0.00900000000000034" classname="odds_ratio" name="s_odds_ratio_j_does_not_fail_with_only_non_responders"/>
    <testcase time="0.00200000000000244" classname="odds_ratio" name="s_odds_ratio_j_does_not_fail_with_only_non_responders"/>
    <testcase time="0.00600000000000023" classname="odds_ratio" name="s_odds_ratio_j_does_not_fail_with_only_one_grp"/>
    <testcase time="0.00300000000000011" classname="odds_ratio" name="s_odds_ratio_j_does_not_fail_with_only_one_grp"/>
    <testcase time="0.00799999999999912" classname="odds_ratio" name="or_glm_j_does_not_fail_with_only_non_responders"/>
    <testcase time="0.00499999999999901" classname="odds_ratio" name="or_glm_j_does_not_fail_with_only_non_responders"/>
    <testcase time="0.0390000000000015" classname="odds_ratio" name="a_odds_ratio_j_works_in_a_table_layout_as_expected_for_unstratified_analysis"/>
    <testcase time="0.0499999999999972" classname="odds_ratio" name="a_odds_ratio_j_works_in_a_table_layout_as_expected_for_unstratified_analysis"/>
    <testcase time="0.0250000000000021" classname="odds_ratio" name="a_odds_ratio_j_works_in_a_table_layout_as_expected_for_unstratified_analysis"/>
    <testcase time="0.00199999999999889" classname="odds_ratio" name="a_odds_ratio_j_works_in_a_table_layout_as_expected_for_unstratified_analysis"/>
    <testcase time="0.0519999999999996" classname="odds_ratio" name="a_odds_ratio_j_works_in_a_table_layout_as_expected_for_CMH_analysis"/>
    <testcase time="0.0489999999999995" classname="odds_ratio" name="a_odds_ratio_j_works_in_a_table_layout_as_expected_for_CMH_analysis"/>
    <testcase time="0.027000000000001" classname="odds_ratio" name="a_odds_ratio_j_works_in_a_table_layout_as_expected_for_CMH_analysis"/>
    <testcase time="0.00300000000000011" classname="odds_ratio" name="a_odds_ratio_j_works_in_a_table_layout_as_expected_for_CMH_analysis"/>
  </testsuite>
  <testsuite name="patyrs-eair100" timestamp="2025-10-01T12:52:54Z" hostname="45d8d0c76e8a" tests="4" skipped="0" failures="0" errors="0" time="1.403">
    <testcase time="0.233000000000001" classname="patyrs_eair100" name="Check_patient_years_numbers_are_giving_expected_result"/>
    <testcase time="0.390000000000001" classname="patyrs_eair100" name="Check_aeir100_numbers_are_giving_expected_result"/>
    <testcase time="0.391999999999999" classname="patyrs_eair100" name="Check_aeir100_numbers_are_giving_expected_result_when_fup_var_argument_is_changed"/>
    <testcase time="0.388000000000002" classname="patyrs_eair100" name="Check_aeir100_numbers_are_giving_expected_result_when_occ_dy_argument_is_changed"/>
  </testsuite>
  <testsuite name="pool_rbmi" timestamp="2025-10-01T12:52:55Z" hostname="45d8d0c76e8a" tests="23" skipped="0" failures="0" errors="0" time="0.076">
    <testcase time="0.0160000000000018" classname="pool_rbmi" name="mod_pool_internal_rubin_combines_results_correctly"/>
    <testcase time="0.00199999999999889" classname="pool_rbmi" name="mod_pool_internal_rubin_combines_results_correctly"/>
    <testcase time="0.00300000000000011" classname="pool_rbmi" name="mod_pool_internal_rubin_combines_results_correctly"/>
    <testcase time="0.00300000000000011" classname="pool_rbmi" name="mod_pool_internal_rubin_combines_results_correctly"/>
    <testcase time="0.00300000000000011" classname="pool_rbmi" name="mod_pool_internal_rubin_combines_results_correctly"/>
    <testcase time="0.00300000000000011" classname="pool_rbmi" name="mod_pool_internal_rubin_combines_results_correctly"/>
    <testcase time="0.00199999999999889" classname="pool_rbmi" name="mod_pool_internal_rubin_combines_results_correctly"/>
    <testcase time="0.00499999999999901" classname="pool_rbmi" name="pool_function_processes_and_returns_combined_results"/>
    <testcase time="0.00300000000000011" classname="pool_rbmi" name="pool_function_processes_and_returns_combined_results"/>
    <testcase time="0.00200000000000244" classname="pool_rbmi" name="pool_function_processes_and_returns_combined_results"/>
    <testcase time="0.00399999999999778" classname="pool_rbmi" name="pool_function_processes_and_returns_combined_results"/>
    <testcase time="0.00200000000000244" classname="pool_rbmi" name="pool_function_processes_and_returns_combined_results"/>
    <testcase time="0.00199999999999889" classname="pool_rbmi" name="pool_function_processes_and_returns_combined_results"/>
    <testcase time="0.00199999999999889" classname="pool_rbmi" name="pool_function_processes_and_returns_combined_results"/>
    <testcase time="0.00300000000000011" classname="pool_rbmi" name="pool_function_processes_and_returns_combined_results"/>
    <testcase time="0.00300000000000011" classname="pool_rbmi" name="pool_function_processes_and_returns_combined_results"/>
    <testcase time="0.00200000000000244" classname="pool_rbmi" name="pool_function_processes_and_returns_combined_results"/>
    <testcase time="0.00299999999999656" classname="pool_rbmi" name="pool_function_processes_and_returns_combined_results"/>
    <testcase time="0.00300000000000011" classname="pool_rbmi" name="pool_function_processes_and_returns_combined_results"/>
    <testcase time="0.00200000000000244" classname="pool_rbmi" name="pool_function_processes_and_returns_combined_results"/>
    <testcase time="0.00200000000000244" classname="pool_rbmi" name="pool_function_processes_and_returns_combined_results"/>
    <testcase time="0.00300000000000011" classname="pool_rbmi" name="pool_function_processes_and_returns_combined_results"/>
    <testcase time="0.00300000000000011" classname="pool_rbmi" name="pool_function_processes_and_returns_combined_results"/>
  </testsuite>
  <testsuite name="proportions" timestamp="2025-10-01T12:52:55Z" hostname="45d8d0c76e8a" tests="21" skipped="0" failures="0" errors="0" time="0.692">
    <testcase time="0.0309999999999988" classname="proportions" name="s_proportion_factor_works_as_expected"/>
    <testcase time="0.0259999999999998" classname="proportions" name="s_proportion_factor_shows_optional_total_row_on_top"/>
    <testcase time="0.0249999999999986" classname="proportions" name="s_proportion_factor_shows_optional_total_row_in_bottom"/>
    <testcase time="0.0260000000000034" classname="proportions" name="s_proportion_factor_optionally_uses_number_of_non_missing_levels_as_total"/>
    <testcase time="0.0359999999999978" classname="proportions" name="s_proportion_logical_works_as_expected"/>
    <testcase time="0.0250000000000021" classname="proportions" name="c_proportion_logical_works_as_expected"/>
    <testcase time="0.0649999999999977" classname="proportions" name="h_get_design_mat_works_as_expected"/>
    <testcase time="0.00300000000000011" classname="proportions" name="h_get_design_mat_works_as_expected"/>
    <testcase time="0.00499999999999901" classname="proportions" name="a_proportion_ci_logical_works_as_expected"/>
    <testcase time="0.0210000000000008" classname="proportions" name="a_proportion_ci_logical_works_as_expected"/>
    <testcase time="0.00799999999999912" classname="proportions" name="a_proportion_ci_factor_works_as_expected"/>
    <testcase time="0.0230000000000032" classname="proportions" name="a_proportion_ci_factor_works_as_expected"/>
    <testcase time="0.236999999999998" classname="proportions" name="prop_split_fun_works_as_expected"/>
    <testcase time="0.0259999999999998" classname="proportions" name="prop_table_afun_works_as_expected_with_total_row"/>
    <testcase time="0.022000000000002" classname="proportions" name="prop_table_afun_works_as_expected_with_total_row"/>
    <testcase time="0.0219999999999985" classname="proportions" name="prop_table_afun_works_as_expected_with_total_row"/>
    <testcase time="0.00499999999999901" classname="proportions" name="prop_table_afun_works_as_expected_with_total_row"/>
    <testcase time="0.0259999999999998" classname="proportions" name="prop_table_afun_works_as_expected_by_default_without_total_row"/>
    <testcase time="0.0330000000000013" classname="proportions" name="prop_table_afun_works_as_expected_by_default_without_total_row"/>
    <testcase time="0.0219999999999985" classname="proportions" name="prop_table_afun_works_as_expected_by_default_without_total_row"/>
    <testcase time="0.00500000000000256" classname="proportions" name="prop_table_afun_works_as_expected_by_default_without_total_row"/>
  </testsuite>
  <testsuite name="pruning_functions" timestamp="2025-10-01T12:52:58Z" hostname="45d8d0c76e8a" tests="30" skipped="0" failures="0" errors="0" time="10.29">
    <testcase time="1.614" classname="pruning_functions" name="count_pruner_is_identical_to_standard_pruning_in_cases_where_we_have_all_0_s"/>
    <testcase time="3.224" classname="pruning_functions" name="count_pruner_is_identical_to_standard_pruning_in_cases_where_we_have_all_0_s"/>
    <testcase time="1.338" classname="pruning_functions" name="count_pruner_keeps_everything_if_0_condition_is_not_met"/>
    <testcase time="0.0339999999999989" classname="pruning_functions" name="count_pruner_with_cat_include_removes_text_correctly"/>
    <testcase time="0.0279999999999987" classname="pruning_functions" name="count_pruner_with_cat_include_does_nothing_if_text_is_supplied_and_it_is_not_text_that_is_in_the_table"/>
    <testcase time="0.0590000000000046" classname="pruning_functions" name="count_pruner_does_remove_if_text_is_supplied_and_all_columns_are_0"/>
    <testcase time="0.0409999999999968" classname="pruning_functions" name="remove_rows_does_remove_if_text_is_supplied_as_fixed_and_text_is_matched"/>
    <testcase time="0.0399999999999991" classname="pruning_functions" name="remove_rows_does_remove_if_text_is_supplied_as_fixed_and_text_is_matched"/>
    <testcase time="0.0660000000000025" classname="pruning_functions" name="remove_rows_does_remove_if_text_is_supplied_as_fixed_and_text_is_matched"/>
    <testcase time="0.00200000000000244" classname="pruning_functions" name="remove_rows_does_remove_if_text_is_supplied_as_fixed_and_text_is_matched"/>
    <testcase time="0.00300000000000011" classname="pruning_functions" name="remove_rows_does_remove_if_text_is_supplied_as_fixed_and_text_is_matched"/>
    <testcase time="0.0069999999999979" classname="pruning_functions" name="keep_non_null_rows_pruning_function_or_via_keep_rows"/>
    <testcase time="0.00300000000000011" classname="pruning_functions" name="keep_non_null_rows_pruning_function_or_via_keep_rows"/>
    <testcase time="0.207999999999998" classname="pruning_functions" name="test_keep_non_null_rows"/>
    <testcase time="0.00900000000000034" classname="pruning_functions" name="bspt_pruner_both_fraction_and_diff_from_control_are_NULL"/>
    <testcase time="0.00800000000000267" classname="pruning_functions" name="bspt_pruner_both_fraction_and_diff_from_control_are_NULL"/>
    <testcase time="0.219000000000001" classname="pruning_functions" name="bspt_pruner_with_fraction"/>
    <testcase time="0.332999999999998" classname="pruning_functions" name="bspt_pruner_with_fraction_and_diff_from_control"/>
    <testcase time="0.558999999999997" classname="pruning_functions" name="bspt_pruner_with_fraction_and_diff_from_control_and_keeprowtext"/>
    <testcase time="0.00300000000000011" classname="pruning_functions" name="bspt_pruner_with_fraction_and_diff_from_control_and_keeprowtext"/>
    <testcase time="0.189999999999998" classname="pruning_functions" name="count_pruner_in_small_groups"/>
    <testcase time="1.126" classname="pruning_functions" name="bspt_pruner_in_AE_like_tables"/>
    <testcase time="0.00300000000000011" classname="pruning_functions" name="bspt_pruner_in_AE_like_tables"/>
    <testcase time="0.00300000000000011" classname="pruning_functions" name="bspt_pruner_in_AE_like_tables"/>
    <testcase time="0.193999999999996" classname="pruning_functions" name="bspt_pruner_with_less_obvious_control_specifications"/>
    <testcase time="0.903000000000006" classname="pruning_functions" name="bspt_pruner_with_less_obvious_control_specifications"/>
    <testcase time="0.00300000000000011" classname="pruning_functions" name="bspt_pruner_with_less_obvious_control_specifications"/>
    <testcase time="0.0449999999999946" classname="pruning_functions" name="check_that_if_all_data_is_pruned_leaving_no_rows_the_outcome_is_the_message"/>
    <testcase time="0.0110000000000028" classname="pruning_functions" name="check_that_if_message_is_changed_this_is_reflected_in_the_final_table_tree"/>
    <testcase time="0.0139999999999958" classname="pruning_functions" name="check_that_when_spancols_TRUE_is_used_then_we_have_expected_behaviour"/>
  </testsuite>
  <testsuite name="rbmi" timestamp="2025-10-01T12:53:06Z" hostname="45d8d0c76e8a" tests="15" skipped="1" failures="0" errors="0" time="7.336">
    <testcase time="0.0100000000000051" classname="rbmi" name="find_missing_chg_after_avisit_works_as_expected"/>
    <testcase time="0.00300000000000011" classname="rbmi" name="find_missing_chg_after_avisit_works_as_expected"/>
    <testcase time="0.00300000000000011" classname="rbmi" name="find_missing_chg_after_avisit_works_as_expected"/>
    <testcase time="0.00600000000000023" classname="rbmi" name="find_missing_chg_after_avisit_handles_unsorted_input_correctly"/>
    <testcase time="0.00300000000000011" classname="rbmi" name="find_missing_chg_after_avisit_handles_unsorted_input_correctly"/>
    <testcase time="0.00799999999999557" classname="rbmi" name="find_missing_chg_after_avisit_validates_input_correctly"/>
    <testcase time="0.00500000000000256" classname="rbmi" name="find_missing_chg_after_avisit_validates_input_correctly"/>
    <testcase time="0.00500000000000256" classname="rbmi" name="find_missing_chg_after_avisit_validates_input_correctly"/>
    <testcase time="0.00600000000000023" classname="rbmi" name="make_rbmi_cluster_returns_NULL_when_cluster_or_cores_is_1"/>
    <testcase time="2.36199999999999" classname="rbmi" name="make_rbmi_cluster_exports_objects_and_loads_packages"/>
    <testcase time="2.277" classname="rbmi" name="make_rbmi_cluster_handles_existing_cluster"/>
    <testcase time="0.0320000000000036" classname="rbmi" name="make_rbmi_cluster_rejects_invalid_cluster_or_cores_parameter"/>
    <testcase time="0.00600000000000023" classname="rbmi" name="par_lapply_works_with_and_without_cluster"/>
    <testcase time="2.377" classname="rbmi" name="par_lapply_works_with_and_without_cluster"/>
    <testcase time="0.233000000000004" classname="rbmi" name="make_rbmi_cluster_loads_rbmi_namespaces_correctly">
      <skipped message="Reason: rbmi package not available in cluster ('test-rbmi.R:193:9')"/>
    </testcase>
  </testsuite>
  <testsuite name="relative_risk" timestamp="2025-10-01T12:53:14Z" hostname="45d8d0c76e8a" tests="8" skipped="0" failures="0" errors="0" time="0.133">
    <testcase time="0.019999999999996" classname="relative_risk" name="s_relative_risk_returns_NA_when_one_group_has_no_responders"/>
    <testcase time="0.00500000000000256" classname="relative_risk" name="s_relative_risk_returns_NA_when_one_group_has_no_responders"/>
    <testcase time="0.0069999999999979" classname="relative_risk" name="prop_ratio_cmh_works_as_expected"/>
    <testcase time="0.00500000000000256" classname="relative_risk" name="prop_ratio_cmh_works_as_expected"/>
    <testcase time="0.00600000000000023" classname="relative_risk" name="prop_ratio_cmh_works_also_with_a_single_stratum"/>
    <testcase time="0.00600000000000023" classname="relative_risk" name="prop_ratio_cmh_works_also_with_a_single_stratum"/>
    <testcase time="0.0790000000000006" classname="relative_risk" name="a_relative_risk_in_table_layout_gives_same_results_as_with_SAS"/>
    <testcase time="0.00499999999999545" classname="relative_risk" name="a_relative_risk_in_table_layout_gives_same_results_as_with_SAS"/>
  </testsuite>
  <testsuite name="remove_col_count" timestamp="2025-10-01T12:53:14Z" hostname="45d8d0c76e8a" tests="1" skipped="0" failures="0" errors="0" time="0.088">
    <testcase time="0.088000000000001" classname="remove_col_count" name="remove_col_count_works"/>
  </testsuite>
  <testsuite name="resp01_functions" timestamp="2025-10-01T12:53:14Z" hostname="45d8d0c76e8a" tests="12" skipped="0" failures="0" errors="0" time="1.025">
    <testcase time="0.425000000000004" classname="resp01_functions" name="resp01_split_fun_fct_works_as_expected"/>
    <testcase time="0.349999999999994" classname="resp01_functions" name="resp01_split_fun_fct_works_as_expected"/>
    <testcase time="0.0260000000000034" classname="resp01_functions" name="resp01_counts_cfun_works_as_expected"/>
    <testcase time="0.00200000000000244" classname="resp01_functions" name="resp01_counts_cfun_works_as_expected"/>
    <testcase time="0.00300000000000011" classname="resp01_functions" name="resp01_counts_cfun_works_as_expected"/>
    <testcase time="0.0289999999999964" classname="resp01_functions" name="resp01_a_comp_stat_logical_works_as_expected"/>
    <testcase time="0.027000000000001" classname="resp01_functions" name="resp01_a_comp_stat_logical_works_as_expected"/>
    <testcase time="0.0360000000000014" classname="resp01_functions" name="resp01_a_comp_stat_factor_works_as_expected"/>
    <testcase time="0.0339999999999989" classname="resp01_functions" name="resp01_a_comp_stat_factor_works_as_expected"/>
    <testcase time="0.036999999999999" classname="resp01_functions" name="resp01_acfun_works_as_expected"/>
    <testcase time="0.0309999999999988" classname="resp01_functions" name="resp01_acfun_works_as_expected"/>
    <testcase time="0.0249999999999986" classname="resp01_functions" name="resp01_acfun_works_as_expected"/>
  </testsuite>
  <testsuite name="response_by_var" timestamp="2025-10-01T12:53:15Z" hostname="45d8d0c76e8a" tests="9" skipped="0" failures="0" errors="0" time="0.707">
    <testcase time="0.0920000000000059" classname="response_by_var" name="response_by_var_various_scenarios"/>
    <testcase time="0.0689999999999955" classname="response_by_var" name="response_by_var_various_scenarios"/>
    <testcase time="0.127000000000002" classname="response_by_var" name="response_by_var_various_scenarios"/>
    <testcase time="0.0679999999999978" classname="response_by_var" name="response_by_var_various_scenarios"/>
    <testcase time="0.0700000000000003" classname="response_by_var" name="response_by_var_various_scenarios"/>
    <testcase time="0.0670000000000002" classname="response_by_var" name="response_by_var_various_scenarios"/>
    <testcase time="0.0730000000000004" classname="response_by_var" name="response_by_var_various_scenarios"/>
    <testcase time="0.0700000000000003" classname="response_by_var" name="response_by_var_various_scenarios"/>
    <testcase time="0.070999999999998" classname="response_by_var" name="response_by_var_various_scenarios"/>
  </testsuite>
  <testsuite name="sorting_functions" timestamp="2025-10-01T12:53:16Z" hostname="45d8d0c76e8a" tests="7" skipped="0" failures="0" errors="0" time="7.707">
    <testcase time="0.536000000000001" classname="sorting_functions" name="jj_complex_scorefun_is_identical_to_standard_sorting_spanningheadercolvar_NA"/>
    <testcase time="0.228000000000002" classname="sorting_functions" name="jj_complex_scorefun_is_identical_to_standard_sorting_spanningheadercolvar_spanhead"/>
    <testcase time="0.227000000000004" classname="sorting_functions" name="jj_complex_scorefun_sorts_correctly_with_colpath"/>
    <testcase time="0.291999999999994" classname="sorting_functions" name="jj_complex_scorefun_places_specified_category_at_the_start_firstcat"/>
    <testcase time="0.32" classname="sorting_functions" name="jj_complex_scorefun_places_specified_category_at_the_end_lastcat"/>
    <testcase time="3.457" classname="sorting_functions" name="jj_complex_scorefun_uses_first_column_to_sort_usefirstcol"/>
    <testcase time="2.64700000000001" classname="sorting_functions" name="jj_complex_scorefun_uses_first_column_when_no_spanning_header_usefirstcol"/>
  </testsuite>
  <testsuite name="split_functions" timestamp="2025-10-01T12:53:23Z" hostname="45d8d0c76e8a" tests="8" skipped="0" failures="0" errors="0" time="0.353">
    <testcase time="0.0749999999999957" classname="split_functions" name="cond_rm_facets_works"/>
    <testcase time="0.00500000000000256" classname="split_functions" name="cond_rm_facets_works"/>
    <testcase time="0.00399999999999778" classname="split_functions" name="cond_rm_facets_works"/>
    <testcase time="0.00500000000000256" classname="split_functions" name="cond_rm_facets_works"/>
    <testcase time="0.088000000000001" classname="split_functions" name="rm_levels_works"/>
    <testcase time="0.122999999999998" classname="split_functions" name="real_add_overall_facet_works"/>
    <testcase time="0.0499999999999972" classname="split_functions" name="make_combo_splitfun_works"/>
    <testcase time="0.00300000000000011" classname="split_functions" name="make_combo_splitfun_works"/>
  </testsuite>
  <testsuite name="string_to_title" timestamp="2025-10-01T12:53:24Z" hostname="45d8d0c76e8a" tests="2" skipped="0" failures="0" errors="0" time="0.014">
    <testcase time="0.00900000000000034" classname="string_to_title" name="string_to_title_works_as_expected_for_string"/>
    <testcase time="0.00500000000000256" classname="string_to_title" name="string_to_title_works_as_expected_for_character_vector"/>
  </testsuite>
  <testsuite name="summarize_ancova" timestamp="2025-10-01T12:53:24Z" hostname="45d8d0c76e8a" tests="7" skipped="0" failures="0" errors="0" time="0.404">
    <testcase time="0.0210000000000008" classname="summarize_ancova" name="h_ancova_works_as_expected"/>
    <testcase time="0.000999999999997669" classname="summarize_ancova" name="h_ancova_works_as_expected"/>
    <testcase time="0.0189999999999984" classname="summarize_ancova" name="s_ancova_j_works_as_expected"/>
    <testcase time="0.00100000000000477" classname="summarize_ancova" name="s_ancova_j_works_as_expected"/>
    <testcase time="0.0150000000000006" classname="summarize_ancova" name="s_ancova_j_works_as_expected"/>
    <testcase time="0.0969999999999942" classname="summarize_ancova" name="s_summarize_ancova_works_as_expected"/>
    <testcase time="0.25" classname="summarize_ancova" name="a_summarize_ancova_j_works_as_expected_in_table_layout"/>
  </testsuite>
  <testsuite name="summarize_mmrm" timestamp="2025-10-01T12:53:24Z" hostname="45d8d0c76e8a" tests="14" skipped="0" failures="0" errors="0" time="2.439">
    <testcase time="0.193000000000005" classname="summarize_mmrm" name="h_summarize_mmrm_works_with_healthy_input"/>
    <testcase time="0.0499999999999972" classname="summarize_mmrm" name="h_summarize_mmrm_works_with_healthy_input"/>
    <testcase time="0.123000000000005" classname="summarize_mmrm" name="s_summarize_mmrm_works_with_healthy_input_in_non_ref_cell"/>
    <testcase time="0.036999999999999" classname="summarize_mmrm" name="s_summarize_mmrm_works_with_healthy_input_in_non_ref_cell"/>
    <testcase time="0.00999999999999801" classname="summarize_mmrm" name="s_summarize_mmrm_works_with_healthy_input_in_ref_col_cell"/>
    <testcase time="0.0279999999999987" classname="summarize_mmrm" name="s_summarize_mmrm_works_with_healthy_input_in_ref_col_cell"/>
    <testcase time="0.00800000000000267" classname="summarize_mmrm" name="s_summarize_mmrm_works_with_healthy_input_in_ref_row_cell"/>
    <testcase time="0.0210000000000008" classname="summarize_mmrm" name="s_summarize_mmrm_works_with_healthy_input_in_ref_row_cell"/>
    <testcase time="0.351999999999997" classname="summarize_mmrm" name="a_summarize_mmrm_works_as_expected_in_table_layout"/>
    <testcase time="0.123000000000005" classname="summarize_mmrm" name="a_summarize_mmrm_works_as_expected_in_table_layout"/>
    <testcase time="0.122" classname="summarize_mmrm" name="a_summarize_mmrm_works_as_expected_in_table_layout"/>
    <testcase time="0.811999999999998" classname="summarize_mmrm" name="a_summarize_mmrm_works_as_expected_below_row_splits"/>
    <testcase time="0.294000000000004" classname="summarize_mmrm" name="a_summarize_mmrm_works_as_expected_below_row_splits"/>
    <testcase time="0.265999999999998" classname="summarize_mmrm" name="a_summarize_mmrm_works_as_expected_below_row_splits"/>
  </testsuite>
  <testsuite name="summarize_row_counts" timestamp="2025-10-01T12:53:27Z" hostname="45d8d0c76e8a" tests="4" skipped="0" failures="0" errors="0" time="0.491">
    <testcase time="0.159999999999997" classname="summarize_row_counts" name="summarize_row_counts_works_as_expected_without_alt_counts"/>
    <testcase time="0.0859999999999985" classname="summarize_row_counts" name="summarize_row_counts_works_as_expected_without_alt_counts"/>
    <testcase time="0.160000000000004" classname="summarize_row_counts" name="summarize_row_counts_works_as_expected_with_alt_counts"/>
    <testcase time="0.0850000000000009" classname="summarize_row_counts" name="summarize_row_counts_works_as_expected_with_alt_counts"/>
  </testsuite>
  <testsuite name="tabulate_lsmeans" timestamp="2025-10-01T12:53:27Z" hostname="45d8d0c76e8a" tests="11" skipped="0" failures="0" errors="0" time="1.639">
    <testcase time="0.104999999999997" classname="tabulate_lsmeans" name="s_lsmeans_works_as_expected_with_MMRM_fit_when_not_in_reference_column"/>
    <testcase time="0.00100000000000477" classname="tabulate_lsmeans" name="s_lsmeans_works_as_expected_with_MMRM_fit_when_not_in_reference_column"/>
    <testcase time="0.0219999999999985" classname="tabulate_lsmeans" name="s_lsmeans_works_as_expected_with_MMRM_fit_when_not_in_reference_column"/>
    <testcase time="0.0210000000000008" classname="tabulate_lsmeans" name="s_lsmeans_works_as_expected_with_MMRM_fit_when_not_in_reference_column"/>
    <testcase time="0.0210000000000008" classname="tabulate_lsmeans" name="s_lsmeans_works_as_expected_with_MMRM_fit_when_not_in_reference_column"/>
    <testcase time="0.102999999999994" classname="tabulate_lsmeans" name="summarize_lsmeans_can_show_two_and_one_sided_p_values_correctly"/>
    <testcase time="0.436" classname="tabulate_lsmeans" name="summarize_lsmeans_can_show_two_and_one_sided_p_values_correctly"/>
    <testcase time="0.423999999999999" classname="tabulate_lsmeans" name="summarize_lsmeans_can_show_two_and_one_sided_p_values_correctly"/>
    <testcase time="0.433" classname="tabulate_lsmeans" name="summarize_lsmeans_can_show_two_and_one_sided_p_values_correctly"/>
    <testcase time="0.0720000000000027" classname="tabulate_lsmeans" name="s_lsmeans_works_as_expected_with_ANCOVA_fit_when_not_in_reference_column"/>
    <testcase time="0.000999999999997669" classname="tabulate_lsmeans" name="s_lsmeans_works_as_expected_with_ANCOVA_fit_when_not_in_reference_column"/>
  </testsuite>
  <testsuite name="tabulate_lsmeans_wide" timestamp="2025-10-01T12:53:29Z" hostname="45d8d0c76e8a" tests="19" skipped="0" failures="0" errors="0" time="1.666">
    <testcase time="0.0320000000000036" classname="tabulate_lsmeans_wide" name="lsmeans_wide_cfun_works_as_expected"/>
    <testcase time="0.0219999999999985" classname="tabulate_lsmeans_wide" name="lsmeans_wide_cfun_works_as_expected"/>
    <testcase time="0.0210000000000008" classname="tabulate_lsmeans_wide" name="lsmeans_wide_cfun_works_as_expected"/>
    <testcase time="0.0219999999999985" classname="tabulate_lsmeans_wide" name="lsmeans_wide_cfun_works_as_expected"/>
    <testcase time="0.0219999999999985" classname="tabulate_lsmeans_wide" name="lsmeans_wide_cfun_works_as_expected"/>
    <testcase time="0.0360000000000014" classname="tabulate_lsmeans_wide" name="lsmeans_wide_cfun_works_as_expected_with_more_than_one_treatment_group"/>
    <testcase time="0.0219999999999985" classname="tabulate_lsmeans_wide" name="lsmeans_wide_cfun_works_as_expected_with_more_than_one_treatment_group"/>
    <testcase time="0.0220000000000056" classname="tabulate_lsmeans_wide" name="lsmeans_wide_cfun_works_as_expected_with_more_than_one_treatment_group"/>
    <testcase time="0.0259999999999962" classname="tabulate_lsmeans_wide" name="lsmeans_wide_cfun_works_as_expected_with_more_than_one_treatment_group_for_MMRM_case"/>
    <testcase time="0.0219999999999985" classname="tabulate_lsmeans_wide" name="lsmeans_wide_cfun_works_as_expected_with_more_than_one_treatment_group_for_MMRM_case"/>
    <testcase time="0.0220000000000056" classname="tabulate_lsmeans_wide" name="lsmeans_wide_cfun_works_as_expected_with_more_than_one_treatment_group_for_MMRM_case"/>
    <testcase time="0.0219999999999985" classname="tabulate_lsmeans_wide" name="lsmeans_wide_cfun_works_as_expected_with_more_than_one_treatment_group_for_MMRM_case"/>
    <testcase time="0.315999999999995" classname="tabulate_lsmeans_wide" name="summarize_lsmeans_wide_works_as_expected"/>
    <testcase time="0.152000000000001" classname="tabulate_lsmeans_wide" name="summarize_lsmeans_wide_works_as_expected"/>
    <testcase time="0.103000000000002" classname="tabulate_lsmeans_wide" name="summarize_lsmeans_wide_works_as_expected_with_more_than_1_treatment_group"/>
    <testcase time="0.253" classname="tabulate_lsmeans_wide" name="summarize_lsmeans_wide_works_as_expected_with_more_than_1_treatment_group"/>
    <testcase time="0.173000000000002" classname="tabulate_lsmeans_wide" name="summarize_lsmeans_wide_works_as_expected_with_more_than_1_treatment_group"/>
    <testcase time="0.250999999999998" classname="tabulate_lsmeans_wide" name="summarize_lsmeans_wide_can_omit_variance_and_p_value_columns"/>
    <testcase time="0.127000000000002" classname="tabulate_lsmeans_wide" name="summarize_lsmeans_wide_can_omit_variance_and_p_value_columns"/>
  </testsuite>
  <testsuite name="tabulate_rbmi" timestamp="2025-10-01T12:53:30Z" hostname="45d8d0c76e8a" tests="13" skipped="0" failures="0" errors="0" time="0.308">
    <testcase time="0.0180000000000007" classname="tabulate_rbmi" name="h_tidy_pool_is_produced_correctly_for_ANCOVA_case"/>
    <testcase time="0.00900000000000034" classname="tabulate_rbmi" name="h_tidy_pool_is_produced_correctly_for_MMRM_case"/>
    <testcase time="0.00300000000000011" classname="tabulate_rbmi" name="h_tidy_pool_is_produced_correctly_for_MMRM_case"/>
    <testcase time="0.00300000000000011" classname="tabulate_rbmi" name="h_tidy_pool_is_produced_correctly_for_MMRM_case"/>
    <testcase time="0.0169999999999959" classname="tabulate_rbmi" name="tidy.pool_is_produced_correctly_for_ANCOVA_case"/>
    <testcase time="0.00900000000000034" classname="tabulate_rbmi" name="tidy.pool_is_produced_correctly_for_MMRM_case"/>
    <testcase time="0.00300000000000011" classname="tabulate_rbmi" name="tidy.pool_is_produced_correctly_for_MMRM_case"/>
    <testcase time="0.00300000000000011" classname="tabulate_rbmi" name="tidy.pool_is_produced_correctly_for_MMRM_case"/>
    <testcase time="0.0159999999999982" classname="tabulate_rbmi" name="s_rbmi_lsmeans_works_with_as_expected_with_.in_ref_col_TRUE"/>
    <testcase time="0.0190000000000055" classname="tabulate_rbmi" name="s_rbmi_lsmeans_works_with_as_expected_with_.in_ref_col_FALSE"/>
    <testcase time="0.0189999999999984" classname="tabulate_rbmi" name="s_rbmi_lsmeans_also_works_with_show_relative_increase"/>
    <testcase time="0.0910000000000011" classname="tabulate_rbmi" name="a_rbmi_lsmeans_works_as_expected_in_table_layout"/>
    <testcase time="0.097999999999999" classname="tabulate_rbmi" name="a_rbmi_lsmeans_works_as_expected_in_table_layout"/>
  </testsuite>
  <testsuite name="tern_utils_default_stats_formats_labels" timestamp="2025-10-01T12:53:31Z" hostname="45d8d0c76e8a" tests="52" skipped="0" failures="0" errors="0" time="0.337">
    <testcase time="0.00900000000000034" classname="tern_utils_default_stats_formats_labels" name="tern_get_stats_works_as_expected_for_defaults"/>
    <testcase time="0.0210000000000008" classname="tern_utils_default_stats_formats_labels" name="tern_get_stats_works_as_expected_for_defaults"/>
    <testcase time="0.00199999999999534" classname="tern_utils_default_stats_formats_labels" name="tern_get_stats_works_as_expected_for_defaults"/>
    <testcase time="0.0200000000000031" classname="tern_utils_default_stats_formats_labels" name="tern_get_stats_works_as_expected_for_defaults"/>
    <testcase time="0.00200000000000244" classname="tern_utils_default_stats_formats_labels" name="tern_get_stats_works_as_expected_for_defaults"/>
    <testcase time="0.019999999999996" classname="tern_utils_default_stats_formats_labels" name="tern_get_stats_works_as_expected_for_defaults"/>
    <testcase time="0.00200000000000244" classname="tern_utils_default_stats_formats_labels" name="tern_get_stats_works_as_expected_for_defaults"/>
    <testcase time="0.0210000000000008" classname="tern_utils_default_stats_formats_labels" name="tern_get_stats_works_as_expected_for_defaults"/>
    <testcase time="0.00499999999999545" classname="tern_utils_default_stats_formats_labels" name="tern_get_stats_works_as_expected_for_defaults"/>
    <testcase time="0.00300000000000011" classname="tern_utils_default_stats_formats_labels" name="tern_get_stats_works_as_expected_for_defaults"/>
    <testcase time="0.00300000000000011" classname="tern_utils_default_stats_formats_labels" name="tern_get_stats_works_as_expected_for_defaults"/>
    <testcase time="0.00600000000000023" classname="tern_utils_default_stats_formats_labels" name="tern_get_stats_works_well_with_pval"/>
    <testcase time="0.00200000000000244" classname="tern_utils_default_stats_formats_labels" name="tern_get_stats_works_well_with_pval"/>
    <testcase time="0.00300000000000011" classname="tern_utils_default_stats_formats_labels" name="tern_get_stats_works_well_with_pval"/>
    <testcase time="0.00500000000000256" classname="tern_utils_default_stats_formats_labels" name="tern_get_stats_works_well_with_pval"/>
    <testcase time="0.00499999999999545" classname="tern_utils_default_stats_formats_labels" name="tern_get_stats_works_well_with_pval"/>
    <testcase time="0.00400000000000489" classname="tern_utils_default_stats_formats_labels" name="tern_get_stats_works_well_with_pval"/>
    <testcase time="0.00499999999999545" classname="tern_utils_default_stats_formats_labels" name="tern_get_stats_works_as_expected_for_selection_of_stats"/>
    <testcase time="0.00300000000000011" classname="tern_utils_default_stats_formats_labels" name="tern_get_stats_works_as_expected_for_selection_of_stats"/>
    <testcase time="0.00399999999999778" classname="tern_utils_default_stats_formats_labels" name="tern_get_stats_works_as_expected_for_selection_of_stats"/>
    <testcase time="0.00500000000000256" classname="tern_utils_default_stats_formats_labels" name="tern_get_stats_works_as_expected_for_selection_of_stats"/>
    <testcase time="0.00500000000000256" classname="tern_utils_default_stats_formats_labels" name="tern_get_formats_from_stats_works_as_expected"/>
    <testcase time="0.00300000000000011" classname="tern_utils_default_stats_formats_labels" name="tern_get_formats_from_stats_works_as_expected"/>
    <testcase time="0.00300000000000011" classname="tern_utils_default_stats_formats_labels" name="tern_get_formats_from_stats_works_as_expected"/>
    <testcase time="0.00300000000000011" classname="tern_utils_default_stats_formats_labels" name="tern_get_formats_from_stats_works_as_expected"/>
    <testcase time="0.00199999999999534" classname="tern_utils_default_stats_formats_labels" name="tern_get_formats_from_stats_works_as_expected"/>
    <testcase time="0.00300000000000011" classname="tern_utils_default_stats_formats_labels" name="tern_get_formats_from_stats_works_as_expected"/>
    <testcase time="0.00300000000000011" classname="tern_utils_default_stats_formats_labels" name="tern_get_formats_from_stats_works_as_expected"/>
    <testcase time="0.00300000000000011" classname="tern_utils_default_stats_formats_labels" name="tern_get_formats_from_stats_works_as_expected"/>
    <testcase time="0.00500000000000256" classname="tern_utils_default_stats_formats_labels" name="tern_get_labels_from_stats_works_as_expected"/>
    <testcase time="0.0210000000000008" classname="tern_utils_default_stats_formats_labels" name="tern_get_labels_from_stats_works_as_expected"/>
    <testcase time="0.00300000000000011" classname="tern_utils_default_stats_formats_labels" name="tern_get_labels_from_stats_works_as_expected"/>
    <testcase time="0.00300000000000011" classname="tern_utils_default_stats_formats_labels" name="tern_get_labels_from_stats_works_as_expected"/>
    <testcase time="0.00199999999999534" classname="tern_utils_default_stats_formats_labels" name="tern_get_labels_from_stats_works_as_expected"/>
    <testcase time="0.00300000000000011" classname="tern_utils_default_stats_formats_labels" name="tern_get_labels_from_stats_works_as_expected"/>
    <testcase time="0.00300000000000011" classname="tern_utils_default_stats_formats_labels" name="tern_get_labels_from_stats_works_as_expected"/>
    <testcase time="0.00600000000000023" classname="tern_utils_default_stats_formats_labels" name="tern_get_labels_from_stats_with_labels_in_works_when_adding_levels_to_stats"/>
    <testcase time="0.007000000000005" classname="tern_utils_default_stats_formats_labels" name="tern_get_labels_from_stats_works_fine_for_cases_with_levels"/>
    <testcase time="0.00499999999999545" classname="tern_utils_default_stats_formats_labels" name="tern_get_indents_from_stats_works_as_expected"/>
    <testcase time="0.0200000000000031" classname="tern_utils_default_stats_formats_labels" name="tern_get_indents_from_stats_works_as_expected"/>
    <testcase time="0.00300000000000011" classname="tern_utils_default_stats_formats_labels" name="tern_get_indents_from_stats_works_as_expected"/>
    <testcase time="0.00300000000000011" classname="tern_utils_default_stats_formats_labels" name="tern_get_indents_from_stats_works_as_expected"/>
    <testcase time="0.00300000000000011" classname="tern_utils_default_stats_formats_labels" name="tern_get_indents_from_stats_works_as_expected"/>
    <testcase time="0.00600000000000023" classname="tern_utils_default_stats_formats_labels" name="tern_get_labels_from_stats_correctly_combines_labels_in_and_label_attr_from_stats"/>
    <testcase time="0.00600000000000023" classname="tern_utils_default_stats_formats_labels" name=".unlist_keep_nulls_works_as_expected_non_recursively"/>
    <testcase time="0.00600000000000023" classname="tern_utils_default_stats_formats_labels" name=".unlist_keep_nulls_works_as_expected_non_recursively_with_NA"/>
    <testcase time="0.0129999999999981" classname="tern_utils_default_stats_formats_labels" name=".split_std_from_custom_stats_works_as_expected_with_a_list"/>
    <testcase time="0.00200000000000244" classname="tern_utils_default_stats_formats_labels" name=".split_std_from_custom_stats_works_as_expected_with_a_list"/>
    <testcase time="0.00399999999999778" classname="tern_utils_default_stats_formats_labels" name=".split_std_from_custom_stats_works_as_expected_with_a_list"/>
    <testcase time="0.0259999999999962" classname="tern_utils_default_stats_formats_labels" name=".split_std_from_custom_stats_works_as_expected_with_a_single_input"/>
    <testcase time="0.00600000000000023" classname="tern_utils_default_stats_formats_labels" name=".apply_stat_functions_works_as_expected_without_custom_stat_functions"/>
    <testcase time="0.00600000000000023" classname="tern_utils_default_stats_formats_labels" name=".apply_stat_functions_works_as_expected_with_custom_stat_functions"/>
  </testsuite>
  <testsuite name="test_proportion_diff" timestamp="2025-10-01T12:53:31Z" hostname="45d8d0c76e8a" tests="32" skipped="0" failures="0" errors="0" time="0.466">
    <testcase time="0.0300000000000011" classname="test_proportion_diff" name="s_test_proportion_diff_works_as_expected"/>
    <testcase time="0.0219999999999985" classname="test_proportion_diff" name="s_test_proportion_diff_works_as_expected"/>
    <testcase time="0.0200000000000031" classname="test_proportion_diff" name="s_test_proportion_diff_works_as_expected"/>
    <testcase time="0.0360000000000014" classname="test_proportion_diff" name="a_test_proportion_diff_works_as_expected_in_table_layout"/>
    <testcase time="0.0450000000000017" classname="test_proportion_diff" name="a_test_proportion_diff_works_as_expected_in_table_layout"/>
    <testcase time="0.00499999999999545" classname="test_proportion_diff" name="prop_chisq_returns_right_result"/>
    <testcase time="0.0210000000000008" classname="test_proportion_diff" name="prop_chisq_returns_right_result"/>
    <testcase time="0.00200000000000244" classname="test_proportion_diff" name="prop_chisq_returns_right_result"/>
    <testcase time="0.019999999999996" classname="test_proportion_diff" name="prop_chisq_returns_right_result"/>
    <testcase time="0.00200000000000244" classname="test_proportion_diff" name="prop_chisq_returns_right_result"/>
    <testcase time="0.0210000000000008" classname="test_proportion_diff" name="prop_chisq_returns_right_result"/>
    <testcase time="0.00600000000000023" classname="test_proportion_diff" name="prop_cmh_returns_right_result"/>
    <testcase time="0.019999999999996" classname="test_proportion_diff" name="prop_cmh_returns_right_result"/>
    <testcase time="0.00300000000000011" classname="test_proportion_diff" name="prop_cmh_returns_right_result"/>
    <testcase time="0.0200000000000031" classname="test_proportion_diff" name="prop_cmh_returns_right_result"/>
    <testcase time="0.00999999999999801" classname="test_proportion_diff" name="prop_cmh_returns_right_result"/>
    <testcase time="0.0249999999999986" classname="test_proportion_diff" name="prop_cmh_returns_right_result"/>
    <testcase time="0.00800000000000267" classname="test_proportion_diff" name="prop_cmh_also_works_when_there_are_strata_with_just_one_observation"/>
    <testcase time="0.00200000000000244" classname="test_proportion_diff" name="prop_cmh_also_works_when_there_are_strata_with_just_one_observation"/>
    <testcase time="0.019999999999996" classname="test_proportion_diff" name="prop_cmh_also_works_when_there_are_strata_with_just_one_observation"/>
    <testcase time="0.00600000000000023" classname="test_proportion_diff" name="prop_cmh_also_works_when_there_are_strata_with_just_one_observation"/>
    <testcase time="0.00100000000000477" classname="test_proportion_diff" name="prop_cmh_also_works_when_there_are_strata_with_just_one_observation"/>
    <testcase time="0.0209999999999937" classname="test_proportion_diff" name="prop_cmh_also_works_when_there_are_strata_with_just_one_observation"/>
    <testcase time="0.00500000000000256" classname="test_proportion_diff" name="prop_cmh_also_works_when_there_are_strata_with_just_one_observation"/>
    <testcase time="0.00200000000000244" classname="test_proportion_diff" name="prop_cmh_also_works_when_there_are_strata_with_just_one_observation"/>
    <testcase time="0.0210000000000008" classname="test_proportion_diff" name="prop_cmh_also_works_when_there_are_strata_with_just_one_observation"/>
    <testcase time="0.00499999999999545" classname="test_proportion_diff" name="prop_fisher_returns_right_result"/>
    <testcase time="0.0210000000000008" classname="test_proportion_diff" name="prop_fisher_returns_right_result"/>
    <testcase time="0.00200000000000244" classname="test_proportion_diff" name="prop_fisher_returns_right_result"/>
    <testcase time="0.0210000000000008" classname="test_proportion_diff" name="prop_fisher_returns_right_result"/>
    <testcase time="0.00199999999999534" classname="test_proportion_diff" name="prop_fisher_returns_right_result"/>
    <testcase time="0.0210000000000008" classname="test_proportion_diff" name="prop_fisher_returns_right_result"/>
  </testsuite>
  <testsuite name="titles_file" timestamp="2025-10-01T12:53:32Z" hostname="45d8d0c76e8a" tests="6" skipped="0" failures="0" errors="0" time="0.05">
    <testcase time="0.0120000000000005" classname="titles_file" name="title_files_work"/>
    <testcase time="0.00500000000000256" classname="titles_file" name="title_files_work"/>
    <testcase time="0.0229999999999961" classname="titles_file" name="title_files_work"/>
    <testcase time="0.00300000000000011" classname="titles_file" name="title_files_work"/>
    <testcase time="0.00300000000000011" classname="titles_file" name="title_files_work"/>
    <testcase time="0.00400000000000489" classname="titles_file" name="title_files_work"/>
  </testsuite>
  <testsuite name="tt_to_tblfile" timestamp="2025-10-01T12:53:32Z" hostname="45d8d0c76e8a" tests="69" skipped="0" failures="0" errors="3" time="33.328">
    <testcase time="6.10099999999999" classname="tt_to_tblfile" name="tt_to_tlgrtf_works_with_input_Table_and_fontspec_size_8"/>
    <testcase time="0.219999999999999" classname="tt_to_tblfile" name="tt_to_tlgrtf_works_with_an_empty_listing"/>
    <testcase time="0.00900000000000034" classname="tt_to_tblfile" name="tt_to_tlgrtf_works_with_an_empty_listing"/>
    <testcase time="0.00600000000000023" classname="tt_to_tblfile" name="tt_to_tlgrtf_works_with_an_empty_listing"/>
    <testcase time="0.0110000000000099" classname="tt_to_tblfile" name="get_ncol_works_as_expected"/>
    <testcase time="1.637" classname="tt_to_tblfile" name="get_ncol_works_as_expected"/>
    <testcase time="0.371000000000009" classname="tt_to_tblfile" name="get_ncol_works_as_expected"/>
    <testcase time="0.00300000000000011" classname="tt_to_tblfile" name="get_ncol_works_as_expected"/>
    <testcase time="0.00300000000000011" classname="tt_to_tblfile" name="get_ncol_works_as_expected"/>
    <testcase time="5.935" classname="tt_to_tblfile" name="tt_to_tlgrtf_works_with_wide_table"/>
    <testcase time="0.00199999999999534" classname="tt_to_tblfile" name="tt_to_tlgrtf_works_with_wide_table"/>
    <testcase time="0.0100000000000051" classname="tt_to_tblfile" name="tt_to_tlgrtf_works_with_wide_table"/>
    <testcase time="0.00900000000000034" classname="tt_to_tblfile" name="tt_to_tlgrtf_works_with_wide_table"/>
    <testcase time="0.00199999999999534" classname="tt_to_tblfile" name="tt_to_tlgrtf_works_with_wide_table"/>
    <testcase time="0.00900000000000034" classname="tt_to_tblfile" name="tt_to_tlgrtf_works_with_wide_table"/>
    <testcase time="0.00900000000000034" classname="tt_to_tblfile" name="tt_to_tlgrtf_works_with_wide_table"/>
    <testcase time="0.00199999999999534" classname="tt_to_tblfile" name="tt_to_tlgrtf_works_with_wide_table"/>
    <testcase time="0.00900000000000034" classname="tt_to_tblfile" name="tt_to_tlgrtf_works_with_wide_table"/>
    <testcase time="0.00900000000000034" classname="tt_to_tblfile" name="tt_to_tlgrtf_works_with_wide_table"/>
    <testcase time="0.00199999999999534" classname="tt_to_tblfile" name="tt_to_tlgrtf_works_with_wide_table"/>
    <testcase time="0.0190000000000055" classname="tt_to_tblfile" name="tt_to_tlgrtf_works_with_wide_table"/>
    <testcase time="0.0120000000000005" classname="tt_to_tblfile" name="tt_to_tlgrtf_works_with_wide_table"/>
    <testcase time="0.00199999999999534" classname="tt_to_tblfile" name="tt_to_tlgrtf_works_with_wide_table"/>
    <testcase time="0.00900000000000034" classname="tt_to_tblfile" name="tt_to_tlgrtf_works_with_wide_table"/>
    <testcase time="0.00800000000000978" classname="tt_to_tblfile" name="tt_to_tlgrtf_works_with_wide_table"/>
    <testcase time="0.00199999999999534" classname="tt_to_tblfile" name="tt_to_tlgrtf_works_with_wide_table"/>
    <testcase time="0.00900000000000034" classname="tt_to_tblfile" name="tt_to_tlgrtf_works_with_wide_table"/>
    <testcase time="0.00900000000000034" classname="tt_to_tblfile" name="tt_to_tlgrtf_works_with_wide_table"/>
    <testcase time="0.00199999999999534" classname="tt_to_tblfile" name="tt_to_tlgrtf_works_with_wide_table"/>
    <testcase time="0.00800000000000978" classname="tt_to_tblfile" name="tt_to_tlgrtf_works_with_wide_table"/>
    <testcase time="0.00899999999998613" classname="tt_to_tblfile" name="tt_to_tlgrtf_works_with_wide_table"/>
    <testcase time="8.03" classname="tt_to_tblfile" name="tt_to_tlgrtf_works_with_argument_combined_rtf_TRUE"/>
    <testcase time="0.00300000000000011" classname="tt_to_tblfile" name="tt_to_tlgrtf_works_with_argument_combined_rtf_TRUE"/>
    <testcase time="0.00900000000000034" classname="tt_to_tblfile" name="tt_to_tlgrtf_works_with_argument_combined_rtf_TRUE"/>
    <testcase time="4.24300000000001" classname="tt_to_tblfile" name="tt_to_tlgrtf_works_with_argument_combined_rtf_TRUE"/>
    <testcase time="0.00399999999999068" classname="tt_to_tblfile" name="tt_to_tlgrtf_works_with_argument_combined_rtf_TRUE"/>
    <testcase time="0.109999999999999" classname="tt_to_tblfile" name="tt_to_tlgrtf_works_with_argument_combined_rtf_TRUE"/>
    <testcase time="0.265000000000001" classname="tt_to_tblfile" name="tt_to_tlgrtf_converts_table_tree_to_tlg_without_error"/>
    <testcase time="0.00900000000000034" classname="tt_to_tblfile" name="tt_to_tlgrtf_converts_table_tree_to_tlg_without_error"/>
    <testcase time="0.199000000000012" classname="tt_to_tblfile" name="tt_to_tlgrtf_converts_table_tree_to_tlg_without_error"/>
    <testcase time="0.012999999999991" classname="tt_to_tblfile" name="tt_to_tlgrtf_converts_table_tree_to_tlg_without_error"/>
    <testcase time="0.215000000000003" classname="tt_to_tblfile" name="tt_to_tlgrtf_converts_table_tree_to_tlg_without_error"/>
    <testcase time="0.00300000000000011" classname="tt_to_tblfile" name="tt_to_tlgrtf_converts_table_tree_to_tlg_without_error"/>
    <testcase time="0.372" classname="tt_to_tblfile" name="tt_to_tlgrtf_converts_table_tree_to_tlg_without_error"/>
    <testcase time="0.0100000000000051" classname="tt_to_tblfile" name="tt_to_tlgrtf_converts_table_tree_to_tlg_without_error"/>
    <testcase time="0.0499999999999972" classname="tt_to_tblfile" name="tt_to_tlgrtf_converts_table_tree_to_tlg_without_error"/>
    <testcase time="4.285" classname="tt_to_tblfile" name="tt_to_tlgrtf_converts_table_tree_to_tlg_without_error"/>
    <testcase time="0.00199999999999534" classname="tt_to_tblfile" name="tt_to_tlgrtf_converts_table_tree_to_tlg_without_error"/>
    <testcase time="0.00900000000000034" classname="tt_to_tblfile" name="tt_to_tlgrtf_converts_table_tree_to_tlg_without_error"/>
    <testcase time="0.00300000000000011" classname="tt_to_tblfile" name="tt_to_tlgrtf_converts_table_tree_to_tlg_without_error"/>
    <testcase time="0.00900000000000034" classname="tt_to_tblfile" name="tt_to_tlgrtf_converts_table_tree_to_tlg_without_error"/>
    <testcase time="0.00200000000000955" classname="tt_to_tblfile" name="tt_to_tlgrtf_converts_table_tree_to_tlg_without_error"/>
    <testcase time="0.00900000000000034" classname="tt_to_tblfile" name="tt_to_tlgrtf_converts_table_tree_to_tlg_without_error"/>
    <testcase time="0.00199999999999534" classname="tt_to_tblfile" name="tt_to_tlgrtf_converts_table_tree_to_tlg_without_error"/>
    <testcase time="0.00900000000000034" classname="tt_to_tblfile" name="tt_to_tlgrtf_converts_table_tree_to_tlg_without_error"/>
    <testcase time="0.00199999999999534" classname="tt_to_tblfile" name="tt_to_tlgrtf_converts_table_tree_to_tlg_without_error"/>
    <testcase time="0.00900000000000034" classname="tt_to_tblfile" name="tt_to_tlgrtf_converts_table_tree_to_tlg_without_error"/>
    <testcase time="0.00200000000000955" classname="tt_to_tblfile" name="tt_to_tlgrtf_converts_table_tree_to_tlg_without_error"/>
    <testcase time="0.00899999999998613" classname="tt_to_tblfile" name="tt_to_tlgrtf_converts_table_tree_to_tlg_without_error"/>
    <testcase time="0.00600000000000023" classname="tt_to_tblfile" name="cwidths_final_adj_calculates_adjusted_column_widths_correctly"/>
    <testcase time="0.00400000000000489" classname="tt_to_tblfile" name="cwidths_final_adj_calculates_adjusted_column_widths_correctly"/>
    <testcase time="0.00600000000000023" classname="tt_to_tblfile" name="make_bordmat_row_creates_border_matrix_row_correctly"/>
    <testcase time="0.00199999999999534" classname="tt_to_tblfile" name="make_bordmat_row_creates_border_matrix_row_correctly"/>
    <testcase time="0.00300000000000011" classname="tt_to_tblfile" name="make_bordmat_row_creates_border_matrix_row_correctly"/>
    <testcase time="0.183000000000007" classname="tt_to_tblfile" name="tt_to_tlgrtf_validates_table_structure_correctly">
      <error type="error" message="Error in `tidytlg::gentlg(df, tlf = tlgtype, format = &quot;rtf&quot;, idvars = if (tlgtype ==  ('test-tt_to_tblfile.R:210:3')">Error in `tidytlg::gentlg(df, tlf = tlgtype, format = "rtf", idvars = if (tlgtype == 
    "Listing") get_keycols(tt) else NULL, colspan = csph, file = fname, 
    opath = fpath, colheader = colheader, title = prep_strs_for_rtf(main_title(mpf), 
        string_map, markup_df), footers = footer_val, orientation = orientation, 
    wcol = colwidths, watermark = watermark, pagenum = pagenum, 
    bottom_borders = border_mat, print.hux = !is.null(fname), 
    ...)`: unused argument (validate = TRUE)
Backtrace:
     x
  1. +-testthat::expect_warning(...) at test-tt_to_tblfile.R:210:3
  2. | \-testthat:::expect_condition_matching(...)
  3. |   \-testthat:::quasi_capture(...)
  4. |     +-testthat (local) .capture(...)
  5. |     | \-base::withCallingHandlers(...)
  6. |     \-rlang::eval_bare(quo_get_expr(.quo), quo_get_env(.quo))
  7. \-junco::tt_to_tlgrtf(badtbl, file = NULL, validate = TRUE)
  8.   \-base::lapply(...)
  9.     \-junco (local) FUN(X[[i]], ...)
 10.       \-junco::tt_to_tlgrtf(...)</error>
    </testcase>
    <testcase time="0.222999999999999" classname="tt_to_tblfile" name="tt_to_tlgrtf_does_not_warn_for_valid_table_structures">
      <error type="error" message="Error in `tidytlg::gentlg(df, tlf = tlgtype, format = &quot;rtf&quot;, idvars = if (tlgtype ==  ('test-tt_to_tblfile.R:237:3')">Error in `tidytlg::gentlg(df, tlf = tlgtype, format = "rtf", idvars = if (tlgtype == 
    "Listing") get_keycols(tt) else NULL, colspan = csph, file = fname, 
    opath = fpath, colheader = colheader, title = prep_strs_for_rtf(main_title(mpf), 
        string_map, markup_df), footers = footer_val, orientation = orientation, 
    wcol = colwidths, watermark = watermark, pagenum = pagenum, 
    bottom_borders = border_mat, print.hux = !is.null(fname), 
    ...)`: unused argument (validate = TRUE)
Backtrace:
     x
  1. +-testthat::expect_no_warning(tt_to_tlgrtf(tbl, file = NULL, validate = TRUE)) at test-tt_to_tblfile.R:237:3
  2. | \-testthat:::expect_no_(...)
  3. |   \-testthat:::quasi_capture(enquo(object), NULL, capture)
  4. |     +-testthat (local) .capture(...)
  5. |     | \-rlang::try_fetch(...)
  6. |     |   \-base::withCallingHandlers(...)
  7. |     \-rlang::eval_bare(quo_get_expr(.quo), quo_get_env(.quo))
  8. \-junco::tt_to_tlgrtf(tbl, file = NULL, validate = TRUE)
  9.   \-base::lapply(...)
 10.     \-junco (local) FUN(X[[i]], ...)
 11.       \-junco::tt_to_tlgrtf(...)</error>
    </testcase>
    <testcase time="0.197000000000003" classname="tt_to_tblfile" name="tt_to_tlgrtf_respects_JUNCO_DISABLE_VALIDATION_environment_variable">
      <error type="error" message="Error in `tidytlg::gentlg(df, tlf = tlgtype, format = &quot;rtf&quot;, idvars = if (tlgtype ==  ('test-tt_to_tblfile.R:258:3')">Error in `tidytlg::gentlg(df, tlf = tlgtype, format = "rtf", idvars = if (tlgtype == 
    "Listing") get_keycols(tt) else NULL, colspan = csph, file = fname, 
    opath = fpath, colheader = colheader, title = prep_strs_for_rtf(main_title(mpf), 
        string_map, markup_df), footers = footer_val, orientation = orientation, 
    wcol = colwidths, watermark = watermark, pagenum = pagenum, 
    bottom_borders = border_mat, print.hux = !is.null(fname), 
    ...)`: unused argument (validate = TRUE)
Backtrace:
     x
  1. +-testthat::expect_no_warning(...) at test-tt_to_tblfile.R:258:3
  2. | \-testthat:::expect_no_(...)
  3. |   \-testthat:::quasi_capture(enquo(object), NULL, capture)
  4. |     +-testthat (local) .capture(...)
  5. |     | \-rlang::try_fetch(...)
  6. |     |   \-base::withCallingHandlers(...)
  7. |     \-rlang::eval_bare(quo_get_expr(.quo), quo_get_env(.quo))
  8. \-junco::tt_to_tlgrtf(badtbl, file = NULL, validate = TRUE)
  9.   \-base::lapply(...)
 10.     \-junco (local) FUN(X[[i]], ...)
 11.       \-junco::tt_to_tlgrtf(...)</error>
    </testcase>
    <testcase time="0.364999999999995" classname="tt_to_tblfile" name="more_top_left_than_col_headers_works"/>
    <testcase time="0.00400000000000489" classname="tt_to_tblfile" name="more_top_left_than_col_headers_works"/>
  </testsuite>
  <testsuite name="unicodify" timestamp="2025-10-01T12:54:05Z" hostname="45d8d0c76e8a" tests="9" skipped="0" failures="0" errors="0" time="0.034">
    <testcase time="0.00900000000000034" classname="unicodify" name="unicodify_replaces_patterns_with_Unicode_characters"/>
    <testcase time="0.00300000000000011" classname="unicodify" name="unicodify_replaces_patterns_with_Unicode_characters"/>
    <testcase time="0.00300000000000011" classname="unicodify" name="unicodify_replaces_patterns_with_Unicode_characters"/>
    <testcase time="0.00300000000000011" classname="unicodify" name="unicodify_replaces_patterns_with_Unicode_characters"/>
    <testcase time="0.00199999999999534" classname="unicodify" name="unicodify_replaces_patterns_with_Unicode_characters"/>
    <testcase time="0.00600000000000023" classname="unicodify" name="unicodify_works_with_the_default_jj_uc_map"/>
    <testcase time="0.00300000000000011" classname="unicodify" name="unicodify_works_with_the_default_jj_uc_map"/>
    <testcase time="0.00300000000000011" classname="unicodify" name="unicodify_works_with_the_default_jj_uc_map"/>
    <testcase time="0.00199999999999534" classname="unicodify" name="unicodify_works_with_the_default_jj_uc_map"/>
  </testsuite>
  <testsuite name="varia" timestamp="2025-10-01T12:54:05Z" hostname="45d8d0c76e8a" tests="16" skipped="0" failures="0" errors="0" time="2.489">
    <testcase time="0.0440000000000111" classname="varia" name="a_freq_j_works_old_count_unq_case_"/>
    <testcase time="0.0369999999999919" classname="varia" name="a_freq_j_works_old_count_unq_case_"/>
    <testcase time="0.164000000000001" classname="varia" name="a_freq_subcol_j_works_old_case_of_cpct_subcol_"/>
    <testcase time="0.512" classname="varia" name="a_freq_combos_j_old_cpct_filter_combos_case_works"/>
    <testcase time="0.582999999999998" classname="varia" name="_a_freq_j_works"/>
    <testcase time="0.228000000000009" classname="varia" name="a_freq_j_works_old_count_subject_case_"/>
    <testcase time="0.48599999999999" classname="varia" name="a_freq_j_works_old_count_subject_case_"/>
    <testcase time="0.00900000000000034" classname="varia" name="a_freq_j_works_old_count_subject_case_"/>
    <testcase time="0.00800000000000978" classname="varia" name="a_freq_j_works_old_count_subject_case_"/>
    <testcase time="0.0689999999999884" classname="varia" name="_a_freq_j_works"/>
    <testcase time="0.0820000000000078" classname="varia" name="a_freq_j_works_old_a_countpat_newlevels_case_"/>
    <testcase time="0.0120000000000005" classname="varia" name="a_freq_j_works_old_a_countpat_newlevels_case_"/>
    <testcase time="0.00199999999999534" classname="varia" name="a_freq_j_works_old_a_countpat_newlevels_case_"/>
    <testcase time="0.197000000000003" classname="varia" name="a_summarize_ex_j_works"/>
    <testcase time="0.0250000000000057" classname="varia" name="a_summarize_ex_j_works"/>
    <testcase time="0.0309999999999917" classname="varia" name="a_summarize_ex_j_works"/>
  </testsuite>
  <testsuite name="visit_levels" timestamp="2025-10-01T12:54:07Z" hostname="45d8d0c76e8a" tests="8" skipped="0" failures="0" errors="0" time="0.04">
    <testcase time="0.00900000000000034" classname="visit_levels" name="get_visit_levels_returns_visit_levels_in_correct_order"/>
    <testcase time="0.00300000000000011" classname="visit_levels" name="get_visit_levels_returns_visit_levels_in_correct_order"/>
    <testcase time="0.00400000000000489" classname="visit_levels" name="get_visit_levels_returns_visit_levels_in_correct_order"/>
    <testcase time="0.00300000000000011" classname="visit_levels" name="get_visit_levels_returns_visit_levels_in_correct_order"/>
    <testcase time="0.00799999999999557" classname="visit_levels" name="get_visit_levels_validates_input_correctly"/>
    <testcase time="0.00400000000000489" classname="visit_levels" name="get_visit_levels_validates_input_correctly"/>
    <testcase time="0.00399999999999068" classname="visit_levels" name="get_visit_levels_validates_input_correctly"/>
    <testcase time="0.00500000000000966" classname="visit_levels" name="get_visit_levels_validates_input_correctly"/>
  </testsuite>
  <testsuite name="markup_unicodify" timestamp="2025-10-01T12:54:08Z" hostname="45d8d0c76e8a" tests="1" skipped="0" failures="0" errors="0" time="0.039">
    <testcase time="0.0390000000000015" classname="markup_unicodify" name="dps_markup_works_with_and_"/>
  </testsuite>
</testsuites>
